2024-03-25 14:52:34,854.854	INFO	[main.py:37]	Config: {"exchange": {"volume": 3000}, "traders": [{"count": 10, "type": "Random", "cash": 1000, "assets": 0}, {"count": 10, "type": "Random", "cash": 1000, "assets": 0}, {"count": 10, "type": "Chartist", "cash": 1000, "assets": 0}, {"count": 10, "type": "MarketMaker", "cash": 10000, "softlimit": 100, "assets": 0}], "events": [{"type": "SignalThreshold", "it": 200, "signal_threshold": 1, "traders": []}], "size": 10, "window": 5, "stability_threshold": 5, "iterations": 1000}
2024-03-25 14:52:34,855.855	ERROR	[main.py:43]	Scenario: scenario1. Configs: [240]
2024-03-25 14:52:34,855.855	ERROR	[main.py:48]	Config: #0
2024-03-25 14:52:34,855.855	ERROR	[main.py:49]	Events: [{'type': 'SignalThreshold', 'it': 200, 'signal_threshold': 0, 'traders': ['Random']}]
2024-03-25 14:52:35,933.933	INFO	[export.py:58]	Event: {'type': 'SignalThreshold', 'it': 200, 'signal_threshold': 0, 'traders': ['Random']}. State it: 19
2024-03-25 14:52:37,887.887	ERROR	[main.py:48]	Config: #1
2024-03-25 14:52:37,887.887	ERROR	[main.py:49]	Events: [{'type': 'SignalThreshold', 'it': 200, 'signal_threshold': 0, 'traders': ['Random']}]
2024-03-25 14:52:39,085.085	INFO	[export.py:58]	Event: {'type': 'SignalThreshold', 'it': 200, 'signal_threshold': 0, 'traders': ['Random']}. State it: 19
2024-03-25 14:52:40,827.827	ERROR	[main.py:48]	Config: #2
2024-03-25 14:52:40,827.827	ERROR	[main.py:49]	Events: [{'type': 'SignalThreshold', 'it': 200, 'signal_threshold': 0, 'traders': ['Random']}]
2024-03-25 14:52:42,428.428	INFO	[export.py:58]	Event: {'type': 'SignalThreshold', 'it': 200, 'signal_threshold': 0, 'traders': ['Random']}. State it: 19
2024-03-25 14:52:44,183.183	ERROR	[main.py:48]	Config: #3
2024-03-25 14:52:44,183.183	ERROR	[main.py:49]	Events: [{'type': 'SignalThreshold', 'it': 200, 'signal_threshold': 0, 'traders': ['Random']}]
2024-03-25 14:52:46,155.155	INFO	[export.py:58]	Event: {'type': 'SignalThreshold', 'it': 200, 'signal_threshold': 0, 'traders': ['Random']}. State it: 19
2024-03-25 14:52:47,921.921	ERROR	[main.py:48]	Config: #4
2024-03-25 14:52:47,921.921	ERROR	[main.py:49]	Events: [{'type': 'SignalThreshold', 'it': 200, 'signal_threshold': 0, 'traders': ['Random']}]
2024-03-25 14:52:49,150.150	INFO	[export.py:58]	Event: {'type': 'SignalThreshold', 'it': 200, 'signal_threshold': 0, 'traders': ['Random']}. State it: 19
2024-03-25 14:52:50,866.866	ERROR	[main.py:48]	Config: #5
2024-03-25 14:52:50,866.866	ERROR	[main.py:49]	Events: [{'type': 'SignalThreshold', 'it': 200, 'signal_threshold': 0, 'traders': ['Random']}]
2024-03-25 14:52:52,177.177	INFO	[export.py:58]	Event: {'type': 'SignalThreshold', 'it': 200, 'signal_threshold': 0, 'traders': ['Random']}. State it: 19
2024-03-25 14:52:53,956.956	ERROR	[main.py:48]	Config: #6
2024-03-25 14:52:53,956.956	ERROR	[main.py:49]	Events: [{'type': 'SignalThreshold', 'it': 200, 'signal_threshold': 0, 'traders': ['Random']}]
2024-03-25 14:52:55,759.759	INFO	[export.py:58]	Event: {'type': 'SignalThreshold', 'it': 200, 'signal_threshold': 0, 'traders': ['Random']}. State it: 19
2024-03-25 14:52:57,546.546	ERROR	[main.py:48]	Config: #7
2024-03-25 14:52:57,547.547	ERROR	[main.py:49]	Events: [{'type': 'SignalThreshold', 'it': 200, 'signal_threshold': 0, 'traders': ['Random']}]
2024-03-25 14:52:59,408.408	INFO	[export.py:58]	Event: {'type': 'SignalThreshold', 'it': 200, 'signal_threshold': 0, 'traders': ['Random']}. State it: 19
2024-03-25 14:53:01,133.133	ERROR	[main.py:48]	Config: #8
2024-03-25 14:53:01,133.133	ERROR	[main.py:49]	Events: [{'type': 'SignalThreshold', 'it': 200, 'signal_threshold': 0, 'traders': ['Random']}]
2024-03-25 14:53:02,590.590	INFO	[export.py:58]	Event: {'type': 'SignalThreshold', 'it': 200, 'signal_threshold': 0, 'traders': ['Random']}. State it: 19
2024-03-25 14:53:04,399.399	ERROR	[main.py:48]	Config: #9
2024-03-25 14:53:04,399.399	ERROR	[main.py:49]	Events: [{'type': 'SignalThreshold', 'it': 200, 'signal_threshold': 0, 'traders': ['Random']}]
2024-03-25 14:53:06,068.068	INFO	[export.py:58]	Event: {'type': 'SignalThreshold', 'it': 200, 'signal_threshold': 0, 'traders': ['Random']}. State it: 19
2024-03-25 14:53:07,822.822	ERROR	[main.py:48]	Config: #10
2024-03-25 14:53:07,822.822	ERROR	[main.py:49]	Events: [{'type': 'SignalThreshold', 'it': 200, 'signal_threshold': 0, 'traders': ['Random']}]
2024-03-25 14:53:10,204.204	INFO	[export.py:58]	Event: {'type': 'SignalThreshold', 'it': 200, 'signal_threshold': 0, 'traders': ['Random']}. State it: 19
2024-03-25 14:53:12,026.026	ERROR	[main.py:48]	Config: #11
2024-03-25 14:53:12,027.027	ERROR	[main.py:49]	Events: [{'type': 'SignalThreshold', 'it': 200, 'signal_threshold': 0, 'traders': ['Random']}]
2024-03-25 14:53:14,425.425	INFO	[export.py:58]	Event: {'type': 'SignalThreshold', 'it': 200, 'signal_threshold': 0, 'traders': ['Random']}. State it: 19
2024-03-25 14:53:16,128.128	ERROR	[main.py:48]	Config: #12
2024-03-25 14:53:16,129.129	ERROR	[main.py:49]	Events: [{'type': 'SignalThreshold', 'it': 200, 'signal_threshold': 0, 'traders': ['Random']}]
2024-03-25 14:53:17,148.148	INFO	[export.py:58]	Event: {'type': 'SignalThreshold', 'it': 200, 'signal_threshold': 0, 'traders': ['Random']}. State it: 19
2024-03-25 14:53:18,994.994	ERROR	[main.py:48]	Config: #13
2024-03-25 14:53:18,994.994	ERROR	[main.py:49]	Events: [{'type': 'SignalThreshold', 'it': 200, 'signal_threshold': 0, 'traders': ['Random']}]
2024-03-25 14:53:20,226.226	INFO	[export.py:58]	Event: {'type': 'SignalThreshold', 'it': 200, 'signal_threshold': 0, 'traders': ['Random']}. State it: 19
2024-03-25 14:53:21,932.932	ERROR	[main.py:48]	Config: #14
2024-03-25 14:53:21,933.933	ERROR	[main.py:49]	Events: [{'type': 'SignalThreshold', 'it': 200, 'signal_threshold': 0, 'traders': ['Random']}]
2024-03-25 14:53:23,524.524	INFO	[export.py:58]	Event: {'type': 'SignalThreshold', 'it': 200, 'signal_threshold': 0, 'traders': ['Random']}. State it: 19
2024-03-25 14:53:25,220.220	ERROR	[main.py:48]	Config: #15
2024-03-25 14:53:25,220.220	ERROR	[main.py:49]	Events: [{'type': 'SignalThreshold', 'it': 200, 'signal_threshold': 0, 'traders': ['Random']}]
2024-03-25 14:53:27,094.094	INFO	[export.py:58]	Event: {'type': 'SignalThreshold', 'it': 200, 'signal_threshold': 0, 'traders': ['Random']}. State it: 19
2024-03-25 14:53:28,989.989	ERROR	[main.py:48]	Config: #16
2024-03-25 14:53:28,989.989	ERROR	[main.py:49]	Events: [{'type': 'SignalThreshold', 'it': 200, 'signal_threshold': 0, 'traders': ['Random']}]
2024-03-25 14:53:30,152.152	INFO	[export.py:58]	Event: {'type': 'SignalThreshold', 'it': 200, 'signal_threshold': 0, 'traders': ['Random']}. State it: 19
2024-03-25 14:53:31,830.830	ERROR	[main.py:48]	Config: #17
2024-03-25 14:53:31,830.830	ERROR	[main.py:49]	Events: [{'type': 'SignalThreshold', 'it': 200, 'signal_threshold': 0, 'traders': ['Random']}]
2024-03-25 14:53:33,140.140	INFO	[export.py:58]	Event: {'type': 'SignalThreshold', 'it': 200, 'signal_threshold': 0, 'traders': ['Random']}. State it: 19
2024-03-25 14:53:34,829.829	ERROR	[main.py:48]	Config: #18
2024-03-25 14:53:34,829.829	ERROR	[main.py:49]	Events: [{'type': 'SignalThreshold', 'it': 200, 'signal_threshold': 0, 'traders': ['Random']}]
2024-03-25 14:53:36,498.498	INFO	[export.py:58]	Event: {'type': 'SignalThreshold', 'it': 200, 'signal_threshold': 0, 'traders': ['Random']}. State it: 19
2024-03-25 14:53:38,270.270	ERROR	[main.py:48]	Config: #19
2024-03-25 14:53:38,270.270	ERROR	[main.py:49]	Events: [{'type': 'SignalThreshold', 'it': 200, 'signal_threshold': 0, 'traders': ['Random']}]
2024-03-25 14:53:40,506.506	INFO	[export.py:58]	Event: {'type': 'SignalThreshold', 'it': 200, 'signal_threshold': 0, 'traders': ['Random']}. State it: 19
2024-03-25 14:53:42,217.217	ERROR	[main.py:48]	Config: #20
2024-03-25 14:53:42,217.217	ERROR	[main.py:49]	Events: [{'type': 'SignalThreshold', 'it': 200, 'signal_threshold': 0, 'traders': ['Random']}]
2024-03-25 14:53:43,710.710	INFO	[export.py:58]	Event: {'type': 'SignalThreshold', 'it': 200, 'signal_threshold': 0, 'traders': ['Random']}. State it: 19
2024-03-25 14:53:45,414.414	ERROR	[main.py:48]	Config: #21
2024-03-25 14:53:45,414.414	ERROR	[main.py:49]	Events: [{'type': 'SignalThreshold', 'it': 200, 'signal_threshold': 0, 'traders': ['Random']}]
2024-03-25 14:53:47,021.021	INFO	[export.py:58]	Event: {'type': 'SignalThreshold', 'it': 200, 'signal_threshold': 0, 'traders': ['Random']}. State it: 19
2024-03-25 14:53:48,702.702	ERROR	[main.py:48]	Config: #22
2024-03-25 14:53:48,702.702	ERROR	[main.py:49]	Events: [{'type': 'SignalThreshold', 'it': 200, 'signal_threshold': 0, 'traders': ['Random']}]
2024-03-25 14:53:51,145.145	INFO	[export.py:58]	Event: {'type': 'SignalThreshold', 'it': 200, 'signal_threshold': 0, 'traders': ['Random']}. State it: 19
2024-03-25 14:53:53,134.134	ERROR	[main.py:48]	Config: #23
2024-03-25 14:53:53,134.134	ERROR	[main.py:49]	Events: [{'type': 'SignalThreshold', 'it': 200, 'signal_threshold': 0, 'traders': ['Random']}]
2024-03-25 14:53:55,591.591	INFO	[export.py:58]	Event: {'type': 'SignalThreshold', 'it': 200, 'signal_threshold': 0, 'traders': ['Random']}. State it: 19
2024-03-25 14:53:57,361.361	ERROR	[main.py:48]	Config: #24
2024-03-25 14:53:57,361.361	ERROR	[main.py:49]	Events: [{'type': 'SignalThreshold', 'it': 200, 'signal_threshold': 0, 'traders': ['Random']}]
2024-03-25 14:53:58,417.417	INFO	[export.py:58]	Event: {'type': 'SignalThreshold', 'it': 200, 'signal_threshold': 0, 'traders': ['Random']}. State it: 19
2024-03-25 14:54:00,104.104	ERROR	[main.py:48]	Config: #25
2024-03-25 14:54:00,104.104	ERROR	[main.py:49]	Events: [{'type': 'SignalThreshold', 'it': 200, 'signal_threshold': 0, 'traders': ['Random']}]
2024-03-25 14:54:01,336.336	INFO	[export.py:58]	Event: {'type': 'SignalThreshold', 'it': 200, 'signal_threshold': 0, 'traders': ['Random']}. State it: 19
2024-03-25 14:54:03,041.041	ERROR	[main.py:48]	Config: #26
2024-03-25 14:54:03,041.041	ERROR	[main.py:49]	Events: [{'type': 'SignalThreshold', 'it': 200, 'signal_threshold': 0, 'traders': ['Random']}]
2024-03-25 14:54:04,715.715	INFO	[export.py:58]	Event: {'type': 'SignalThreshold', 'it': 200, 'signal_threshold': 0, 'traders': ['Random']}. State it: 19
2024-03-25 14:54:06,455.455	ERROR	[main.py:48]	Config: #27
2024-03-25 14:54:06,455.455	ERROR	[main.py:49]	Events: [{'type': 'SignalThreshold', 'it': 200, 'signal_threshold': 0, 'traders': ['Random']}]
2024-03-25 14:54:08,502.502	INFO	[export.py:58]	Event: {'type': 'SignalThreshold', 'it': 200, 'signal_threshold': 0, 'traders': ['Random']}. State it: 19
2024-03-25 14:54:10,553.553	ERROR	[main.py:48]	Config: #28
2024-03-25 14:54:10,553.553	ERROR	[main.py:49]	Events: [{'type': 'SignalThreshold', 'it': 200, 'signal_threshold': 0, 'traders': ['Random']}]
2024-03-25 14:54:11,697.697	INFO	[export.py:58]	Event: {'type': 'SignalThreshold', 'it': 200, 'signal_threshold': 0, 'traders': ['Random']}. State it: 19
2024-03-25 14:54:13,389.389	ERROR	[main.py:48]	Config: #29
2024-03-25 14:54:13,389.389	ERROR	[main.py:49]	Events: [{'type': 'SignalThreshold', 'it': 200, 'signal_threshold': 0, 'traders': ['Random']}]
2024-03-25 14:54:14,767.767	INFO	[export.py:58]	Event: {'type': 'SignalThreshold', 'it': 200, 'signal_threshold': 0, 'traders': ['Random']}. State it: 19
2024-03-25 14:54:16,481.481	ERROR	[main.py:48]	Config: #30
2024-03-25 14:54:16,481.481	ERROR	[main.py:49]	Events: [{'type': 'SignalThreshold', 'it': 200, 'signal_threshold': 0, 'traders': ['Random']}]
2024-03-25 14:54:18,295.295	INFO	[export.py:58]	Event: {'type': 'SignalThreshold', 'it': 200, 'signal_threshold': 0, 'traders': ['Random']}. State it: 19
2024-03-25 14:54:19,983.983	ERROR	[main.py:48]	Config: #31
2024-03-25 14:54:19,983.983	ERROR	[main.py:49]	Events: [{'type': 'SignalThreshold', 'it': 200, 'signal_threshold': 0, 'traders': ['Random']}]
2024-03-25 14:54:22,135.135	INFO	[export.py:58]	Event: {'type': 'SignalThreshold', 'it': 200, 'signal_threshold': 0, 'traders': ['Random']}. State it: 19
2024-03-25 14:54:23,893.893	ERROR	[main.py:48]	Config: #32
2024-03-25 14:54:23,893.893	ERROR	[main.py:49]	Events: [{'type': 'SignalThreshold', 'it': 200, 'signal_threshold': 0, 'traders': ['Random']}]
2024-03-25 14:54:25,492.492	INFO	[export.py:58]	Event: {'type': 'SignalThreshold', 'it': 200, 'signal_threshold': 0, 'traders': ['Random']}. State it: 19
2024-03-25 14:54:27,678.678	ERROR	[main.py:48]	Config: #33
2024-03-25 14:54:27,678.678	ERROR	[main.py:49]	Events: [{'type': 'SignalThreshold', 'it': 200, 'signal_threshold': 0, 'traders': ['Random']}]
2024-03-25 14:54:29,408.408	INFO	[export.py:58]	Event: {'type': 'SignalThreshold', 'it': 200, 'signal_threshold': 0, 'traders': ['Random']}. State it: 19
2024-03-25 14:54:31,108.108	ERROR	[main.py:48]	Config: #34
2024-03-25 14:54:31,109.109	ERROR	[main.py:49]	Events: [{'type': 'SignalThreshold', 'it': 200, 'signal_threshold': 0, 'traders': ['Random']}]
2024-03-25 14:54:33,474.474	INFO	[export.py:58]	Event: {'type': 'SignalThreshold', 'it': 200, 'signal_threshold': 0, 'traders': ['Random']}. State it: 19
2024-03-25 14:54:35,205.205	ERROR	[main.py:48]	Config: #35
2024-03-25 14:54:35,205.205	ERROR	[main.py:49]	Events: [{'type': 'SignalThreshold', 'it': 200, 'signal_threshold': 0, 'traders': ['Random']}]
2024-03-25 14:54:37,604.604	INFO	[export.py:58]	Event: {'type': 'SignalThreshold', 'it': 200, 'signal_threshold': 0, 'traders': ['Random']}. State it: 19
2024-03-25 14:54:39,307.307	ERROR	[main.py:48]	Config: #36
2024-03-25 14:54:39,308.308	ERROR	[main.py:49]	Events: [{'type': 'SignalThreshold', 'it': 200, 'signal_threshold': 0, 'traders': ['Random']}]
2024-03-25 14:54:40,621.621	INFO	[export.py:58]	Event: {'type': 'SignalThreshold', 'it': 200, 'signal_threshold': 0, 'traders': ['Random']}. State it: 19
2024-03-25 14:54:42,299.299	ERROR	[main.py:48]	Config: #37
2024-03-25 14:54:42,299.299	ERROR	[main.py:49]	Events: [{'type': 'SignalThreshold', 'it': 200, 'signal_threshold': 0, 'traders': ['Random']}]
2024-03-25 14:54:43,729.729	INFO	[export.py:58]	Event: {'type': 'SignalThreshold', 'it': 200, 'signal_threshold': 0, 'traders': ['Random']}. State it: 19
2024-03-25 14:54:45,423.423	ERROR	[main.py:48]	Config: #38
2024-03-25 14:54:45,423.423	ERROR	[main.py:49]	Events: [{'type': 'SignalThreshold', 'it': 200, 'signal_threshold': 0, 'traders': ['Random']}]
2024-03-25 14:54:47,609.609	INFO	[export.py:58]	Event: {'type': 'SignalThreshold', 'it': 200, 'signal_threshold': 0, 'traders': ['Random']}. State it: 19
2024-03-25 14:54:49,807.807	ERROR	[main.py:48]	Config: #39
2024-03-25 14:54:49,807.807	ERROR	[main.py:49]	Events: [{'type': 'SignalThreshold', 'it': 200, 'signal_threshold': 0, 'traders': ['Random']}]
2024-03-25 14:54:51,905.905	INFO	[export.py:58]	Event: {'type': 'SignalThreshold', 'it': 200, 'signal_threshold': 0, 'traders': ['Random']}. State it: 19
2024-03-25 14:54:53,586.586	ERROR	[main.py:48]	Config: #40
2024-03-25 14:54:53,586.586	ERROR	[main.py:49]	Events: [{'type': 'SignalThreshold', 'it': 200, 'signal_threshold': 0, 'traders': ['Random']}]
2024-03-25 14:54:54,909.909	INFO	[export.py:58]	Event: {'type': 'SignalThreshold', 'it': 200, 'signal_threshold': 0, 'traders': ['Random']}. State it: 19
2024-03-25 14:54:56,598.598	ERROR	[main.py:48]	Config: #41
2024-03-25 14:54:56,599.599	ERROR	[main.py:49]	Events: [{'type': 'SignalThreshold', 'it': 200, 'signal_threshold': 0, 'traders': ['Random']}]
2024-03-25 14:54:58,194.194	INFO	[export.py:58]	Event: {'type': 'SignalThreshold', 'it': 200, 'signal_threshold': 0, 'traders': ['Random']}. State it: 19
2024-03-25 14:54:59,872.872	ERROR	[main.py:48]	Config: #42
2024-03-25 14:54:59,872.872	ERROR	[main.py:49]	Events: [{'type': 'SignalThreshold', 'it': 200, 'signal_threshold': 0, 'traders': ['Random']}]
2024-03-25 14:55:02,183.183	INFO	[export.py:58]	Event: {'type': 'SignalThreshold', 'it': 200, 'signal_threshold': 0, 'traders': ['Random']}. State it: 19
2024-03-25 14:55:03,879.879	ERROR	[main.py:48]	Config: #43
2024-03-25 14:55:03,880.880	ERROR	[main.py:49]	Events: [{'type': 'SignalThreshold', 'it': 200, 'signal_threshold': 0, 'traders': ['Random']}]
2024-03-25 14:55:06,086.086	INFO	[export.py:58]	Event: {'type': 'SignalThreshold', 'it': 200, 'signal_threshold': 0, 'traders': ['Random']}. State it: 19
2024-03-25 14:55:07,781.781	ERROR	[main.py:48]	Config: #44
2024-03-25 14:55:07,781.781	ERROR	[main.py:49]	Events: [{'type': 'SignalThreshold', 'it': 200, 'signal_threshold': 0, 'traders': ['Random']}]
2024-03-25 14:55:09,689.689	INFO	[export.py:58]	Event: {'type': 'SignalThreshold', 'it': 200, 'signal_threshold': 0, 'traders': ['Random']}. State it: 19
2024-03-25 14:55:11,373.373	ERROR	[main.py:48]	Config: #45
2024-03-25 14:55:11,373.373	ERROR	[main.py:49]	Events: [{'type': 'SignalThreshold', 'it': 200, 'signal_threshold': 0, 'traders': ['Random']}]
2024-03-25 14:55:13,240.240	INFO	[export.py:58]	Event: {'type': 'SignalThreshold', 'it': 200, 'signal_threshold': 0, 'traders': ['Random']}. State it: 19
2024-03-25 14:55:14,931.931	ERROR	[main.py:48]	Config: #46
2024-03-25 14:55:14,931.931	ERROR	[main.py:49]	Events: [{'type': 'SignalThreshold', 'it': 200, 'signal_threshold': 0, 'traders': ['Random']}]
2024-03-25 14:55:18,221.221	INFO	[export.py:58]	Event: {'type': 'SignalThreshold', 'it': 200, 'signal_threshold': 0, 'traders': ['Random']}. State it: 19
2024-03-25 14:55:19,909.909	ERROR	[main.py:48]	Config: #47
2024-03-25 14:55:19,909.909	ERROR	[main.py:49]	Events: [{'type': 'SignalThreshold', 'it': 200, 'signal_threshold': 0, 'traders': ['Random']}]
2024-03-25 14:55:22,594.594	INFO	[export.py:58]	Event: {'type': 'SignalThreshold', 'it': 200, 'signal_threshold': 0, 'traders': ['Random']}. State it: 19
2024-03-25 14:55:24,296.296	ERROR	[main.py:48]	Config: #48
2024-03-25 14:55:24,296.296	ERROR	[main.py:49]	Events: [{'type': 'SignalThreshold', 'it': 200, 'signal_threshold': 0, 'traders': ['Random']}]
2024-03-25 14:55:27,602.602	INFO	[export.py:58]	Event: {'type': 'SignalThreshold', 'it': 200, 'signal_threshold': 0, 'traders': ['Random']}. State it: 19
2024-03-25 14:55:29,288.288	ERROR	[main.py:48]	Config: #49
2024-03-25 14:55:29,288.288	ERROR	[main.py:49]	Events: [{'type': 'SignalThreshold', 'it': 200, 'signal_threshold': 0, 'traders': ['Random']}]
2024-03-25 14:55:32,518.518	INFO	[export.py:58]	Event: {'type': 'SignalThreshold', 'it': 200, 'signal_threshold': 0, 'traders': ['Random']}. State it: 19
2024-03-25 14:55:34,223.223	ERROR	[main.py:48]	Config: #50
2024-03-25 14:55:34,223.223	ERROR	[main.py:49]	Events: [{'type': 'SignalThreshold', 'it': 200, 'signal_threshold': 0, 'traders': ['Random']}]
2024-03-25 14:55:37,973.973	INFO	[export.py:58]	Event: {'type': 'SignalThreshold', 'it': 200, 'signal_threshold': 0, 'traders': ['Random']}. State it: 19
2024-03-25 14:55:39,663.663	ERROR	[main.py:48]	Config: #51
2024-03-25 14:55:39,663.663	ERROR	[main.py:49]	Events: [{'type': 'SignalThreshold', 'it': 200, 'signal_threshold': 0, 'traders': ['Random']}]
2024-03-25 14:55:43,998.998	INFO	[export.py:58]	Event: {'type': 'SignalThreshold', 'it': 200, 'signal_threshold': 0, 'traders': ['Random']}. State it: 19
2024-03-25 14:55:45,699.699	ERROR	[main.py:48]	Config: #52
2024-03-25 14:55:45,699.699	ERROR	[main.py:49]	Events: [{'type': 'SignalThreshold', 'it': 200, 'signal_threshold': 0, 'traders': ['Random']}]
2024-03-25 14:55:49,425.425	INFO	[export.py:58]	Event: {'type': 'SignalThreshold', 'it': 200, 'signal_threshold': 0, 'traders': ['Random']}. State it: 19
2024-03-25 14:55:51,146.146	ERROR	[main.py:48]	Config: #53
2024-03-25 14:55:51,147.147	ERROR	[main.py:49]	Events: [{'type': 'SignalThreshold', 'it': 200, 'signal_threshold': 0, 'traders': ['Random']}]
2024-03-25 14:55:54,094.094	INFO	[export.py:58]	Event: {'type': 'SignalThreshold', 'it': 200, 'signal_threshold': 0, 'traders': ['Random']}. State it: 19
2024-03-25 14:55:55,787.787	ERROR	[main.py:48]	Config: #54
2024-03-25 14:55:55,787.787	ERROR	[main.py:49]	Events: [{'type': 'SignalThreshold', 'it': 200, 'signal_threshold': 0, 'traders': ['Random']}]
2024-03-25 14:56:00,726.726	INFO	[export.py:58]	Event: {'type': 'SignalThreshold', 'it': 200, 'signal_threshold': 0, 'traders': ['Random']}. State it: 19
2024-03-25 14:56:03,389.389	ERROR	[main.py:48]	Config: #55
2024-03-25 14:56:03,389.389	ERROR	[main.py:49]	Events: [{'type': 'SignalThreshold', 'it': 200, 'signal_threshold': 0, 'traders': ['Random']}]
2024-03-25 14:56:06,522.522	INFO	[export.py:58]	Event: {'type': 'SignalThreshold', 'it': 200, 'signal_threshold': 0, 'traders': ['Random']}. State it: 19
2024-03-25 14:56:08,232.232	ERROR	[main.py:48]	Config: #56
2024-03-25 14:56:08,233.233	ERROR	[main.py:49]	Events: [{'type': 'SignalThreshold', 'it': 200, 'signal_threshold': 0, 'traders': ['Random']}]
2024-03-25 14:56:12,312.312	INFO	[export.py:58]	Event: {'type': 'SignalThreshold', 'it': 200, 'signal_threshold': 0, 'traders': ['Random']}. State it: 19
2024-03-25 14:56:14,028.028	ERROR	[main.py:48]	Config: #57
2024-03-25 14:56:14,029.029	ERROR	[main.py:49]	Events: [{'type': 'SignalThreshold', 'it': 200, 'signal_threshold': 0, 'traders': ['Random']}]
2024-03-25 14:56:17,664.664	INFO	[export.py:58]	Event: {'type': 'SignalThreshold', 'it': 200, 'signal_threshold': 0, 'traders': ['Random']}. State it: 19
2024-03-25 14:56:19,351.351	ERROR	[main.py:48]	Config: #58
2024-03-25 14:56:19,352.352	ERROR	[main.py:49]	Events: [{'type': 'SignalThreshold', 'it': 200, 'signal_threshold': 0, 'traders': ['Random']}]
2024-03-25 14:56:25,210.210	INFO	[export.py:58]	Event: {'type': 'SignalThreshold', 'it': 200, 'signal_threshold': 0, 'traders': ['Random']}. State it: 19
2024-03-25 14:56:25,211.211	INFO	[export.py:81]	205
2024-03-25 14:56:25,211.211	INFO	[export.py:82]	325
2024-03-25 14:56:26,919.919	ERROR	[main.py:48]	Config: #59
2024-03-25 14:56:26,919.919	ERROR	[main.py:49]	Events: [{'type': 'SignalThreshold', 'it': 200, 'signal_threshold': 0, 'traders': ['Random']}]
2024-03-25 14:56:31,379.379	INFO	[export.py:58]	Event: {'type': 'SignalThreshold', 'it': 200, 'signal_threshold': 0, 'traders': ['Random']}. State it: 19
2024-03-25 14:56:33,078.078	ERROR	[main.py:48]	Config: #60
2024-03-25 14:56:33,079.079	ERROR	[main.py:49]	Events: [{'type': 'SignalThreshold', 'it': 200, 'signal_threshold': 0, 'traders': ['Chartist']}]
2024-03-25 14:56:34,217.217	INFO	[export.py:58]	Event: {'type': 'SignalThreshold', 'it': 200, 'signal_threshold': 0, 'traders': ['Chartist']}. State it: 19
2024-03-25 14:56:35,905.905	ERROR	[main.py:48]	Config: #61
2024-03-25 14:56:35,905.905	ERROR	[main.py:49]	Events: [{'type': 'SignalThreshold', 'it': 200, 'signal_threshold': 0, 'traders': ['Chartist']}]
2024-03-25 14:56:37,075.075	INFO	[export.py:58]	Event: {'type': 'SignalThreshold', 'it': 200, 'signal_threshold': 0, 'traders': ['Chartist']}. State it: 19
2024-03-25 14:56:38,838.838	ERROR	[main.py:48]	Config: #62
2024-03-25 14:56:38,838.838	ERROR	[main.py:49]	Events: [{'type': 'SignalThreshold', 'it': 200, 'signal_threshold': 0, 'traders': ['Chartist']}]
2024-03-25 14:56:40,519.519	INFO	[export.py:58]	Event: {'type': 'SignalThreshold', 'it': 200, 'signal_threshold': 0, 'traders': ['Chartist']}. State it: 19
2024-03-25 14:56:42,202.202	ERROR	[main.py:48]	Config: #63
2024-03-25 14:56:42,202.202	ERROR	[main.py:49]	Events: [{'type': 'SignalThreshold', 'it': 200, 'signal_threshold': 0, 'traders': ['Chartist']}]
2024-03-25 14:56:44,062.062	INFO	[export.py:58]	Event: {'type': 'SignalThreshold', 'it': 200, 'signal_threshold': 0, 'traders': ['Chartist']}. State it: 19
2024-03-25 14:56:45,768.768	ERROR	[main.py:48]	Config: #64
2024-03-25 14:56:45,769.769	ERROR	[main.py:49]	Events: [{'type': 'SignalThreshold', 'it': 200, 'signal_threshold': 0, 'traders': ['Chartist']}]
2024-03-25 14:56:46,789.789	INFO	[export.py:58]	Event: {'type': 'SignalThreshold', 'it': 200, 'signal_threshold': 0, 'traders': ['Chartist']}. State it: 19
2024-03-25 14:56:49,679.679	ERROR	[main.py:48]	Config: #65
2024-03-25 14:56:49,679.679	ERROR	[main.py:49]	Events: [{'type': 'SignalThreshold', 'it': 200, 'signal_threshold': 0, 'traders': ['Chartist']}]
2024-03-25 14:56:50,933.933	INFO	[export.py:58]	Event: {'type': 'SignalThreshold', 'it': 200, 'signal_threshold': 0, 'traders': ['Chartist']}. State it: 19
2024-03-25 14:56:52,634.634	ERROR	[main.py:48]	Config: #66
2024-03-25 14:56:52,635.635	ERROR	[main.py:49]	Events: [{'type': 'SignalThreshold', 'it': 200, 'signal_threshold': 0, 'traders': ['Chartist']}]
2024-03-25 14:56:54,370.370	INFO	[export.py:58]	Event: {'type': 'SignalThreshold', 'it': 200, 'signal_threshold': 0, 'traders': ['Chartist']}. State it: 19
2024-03-25 14:56:56,083.083	ERROR	[main.py:48]	Config: #67
2024-03-25 14:56:56,083.083	ERROR	[main.py:49]	Events: [{'type': 'SignalThreshold', 'it': 200, 'signal_threshold': 0, 'traders': ['Chartist']}]
2024-03-25 14:56:58,093.093	INFO	[export.py:58]	Event: {'type': 'SignalThreshold', 'it': 200, 'signal_threshold': 0, 'traders': ['Chartist']}. State it: 19
2024-03-25 14:56:59,838.838	ERROR	[main.py:48]	Config: #68
2024-03-25 14:56:59,839.839	ERROR	[main.py:49]	Events: [{'type': 'SignalThreshold', 'it': 200, 'signal_threshold': 0, 'traders': ['Chartist']}]
2024-03-25 14:57:01,234.234	INFO	[export.py:58]	Event: {'type': 'SignalThreshold', 'it': 200, 'signal_threshold': 0, 'traders': ['Chartist']}. State it: 19
2024-03-25 14:57:03,010.010	ERROR	[main.py:48]	Config: #69
2024-03-25 14:57:03,010.010	ERROR	[main.py:49]	Events: [{'type': 'SignalThreshold', 'it': 200, 'signal_threshold': 0, 'traders': ['Chartist']}]
2024-03-25 14:57:04,665.665	INFO	[export.py:58]	Event: {'type': 'SignalThreshold', 'it': 200, 'signal_threshold': 0, 'traders': ['Chartist']}. State it: 19
2024-03-25 14:57:06,380.380	ERROR	[main.py:48]	Config: #70
2024-03-25 14:57:06,381.381	ERROR	[main.py:49]	Events: [{'type': 'SignalThreshold', 'it': 200, 'signal_threshold': 0, 'traders': ['Chartist']}]
2024-03-25 14:57:08,631.631	INFO	[export.py:58]	Event: {'type': 'SignalThreshold', 'it': 200, 'signal_threshold': 0, 'traders': ['Chartist']}. State it: 19
2024-03-25 14:57:10,340.340	ERROR	[main.py:48]	Config: #71
2024-03-25 14:57:10,340.340	ERROR	[main.py:49]	Events: [{'type': 'SignalThreshold', 'it': 200, 'signal_threshold': 0, 'traders': ['Chartist']}]
2024-03-25 14:57:12,690.690	INFO	[export.py:58]	Event: {'type': 'SignalThreshold', 'it': 200, 'signal_threshold': 0, 'traders': ['Chartist']}. State it: 19
2024-03-25 14:57:14,392.392	ERROR	[main.py:48]	Config: #72
2024-03-25 14:57:14,392.392	ERROR	[main.py:49]	Events: [{'type': 'SignalThreshold', 'it': 200, 'signal_threshold': 0, 'traders': ['Chartist']}]
2024-03-25 14:57:15,457.457	INFO	[export.py:58]	Event: {'type': 'SignalThreshold', 'it': 200, 'signal_threshold': 0, 'traders': ['Chartist']}. State it: 19
2024-03-25 14:57:17,155.155	ERROR	[main.py:48]	Config: #73
2024-03-25 14:57:17,155.155	ERROR	[main.py:49]	Events: [{'type': 'SignalThreshold', 'it': 200, 'signal_threshold': 0, 'traders': ['Chartist']}]
2024-03-25 14:57:18,322.322	INFO	[export.py:58]	Event: {'type': 'SignalThreshold', 'it': 200, 'signal_threshold': 0, 'traders': ['Chartist']}. State it: 19
2024-03-25 14:57:20,023.023	ERROR	[main.py:48]	Config: #74
2024-03-25 14:57:20,023.023	ERROR	[main.py:49]	Events: [{'type': 'SignalThreshold', 'it': 200, 'signal_threshold': 0, 'traders': ['Chartist']}]
2024-03-25 14:57:21,669.669	INFO	[export.py:58]	Event: {'type': 'SignalThreshold', 'it': 200, 'signal_threshold': 0, 'traders': ['Chartist']}. State it: 19
2024-03-25 14:57:23,387.387	ERROR	[main.py:48]	Config: #75
2024-03-25 14:57:23,387.387	ERROR	[main.py:49]	Events: [{'type': 'SignalThreshold', 'it': 200, 'signal_threshold': 0, 'traders': ['Chartist']}]
2024-03-25 14:57:25,294.294	INFO	[export.py:58]	Event: {'type': 'SignalThreshold', 'it': 200, 'signal_threshold': 0, 'traders': ['Chartist']}. State it: 19
2024-03-25 14:57:27,018.018	ERROR	[main.py:48]	Config: #76
2024-03-25 14:57:27,018.018	ERROR	[main.py:49]	Events: [{'type': 'SignalThreshold', 'it': 200, 'signal_threshold': 0, 'traders': ['Chartist']}]
2024-03-25 14:57:28,134.134	INFO	[export.py:58]	Event: {'type': 'SignalThreshold', 'it': 200, 'signal_threshold': 0, 'traders': ['Chartist']}. State it: 19
2024-03-25 14:57:31,240.240	ERROR	[main.py:48]	Config: #77
2024-03-25 14:57:31,240.240	ERROR	[main.py:49]	Events: [{'type': 'SignalThreshold', 'it': 200, 'signal_threshold': 0, 'traders': ['Chartist']}]
2024-03-25 14:57:32,643.643	INFO	[export.py:58]	Event: {'type': 'SignalThreshold', 'it': 200, 'signal_threshold': 0, 'traders': ['Chartist']}. State it: 19
2024-03-25 14:57:34,352.352	ERROR	[main.py:48]	Config: #78
2024-03-25 14:57:34,352.352	ERROR	[main.py:49]	Events: [{'type': 'SignalThreshold', 'it': 200, 'signal_threshold': 0, 'traders': ['Chartist']}]
2024-03-25 14:57:36,039.039	INFO	[export.py:58]	Event: {'type': 'SignalThreshold', 'it': 200, 'signal_threshold': 0, 'traders': ['Chartist']}. State it: 19
2024-03-25 14:57:37,762.762	ERROR	[main.py:48]	Config: #79
2024-03-25 14:57:37,763.763	ERROR	[main.py:49]	Events: [{'type': 'SignalThreshold', 'it': 200, 'signal_threshold': 0, 'traders': ['Chartist']}]
2024-03-25 14:57:39,612.612	INFO	[export.py:58]	Event: {'type': 'SignalThreshold', 'it': 200, 'signal_threshold': 0, 'traders': ['Chartist']}. State it: 19
2024-03-25 14:57:41,333.333	ERROR	[main.py:48]	Config: #80
2024-03-25 14:57:41,334.334	ERROR	[main.py:49]	Events: [{'type': 'SignalThreshold', 'it': 200, 'signal_threshold': 0, 'traders': ['Chartist']}]
2024-03-25 14:57:42,837.837	INFO	[export.py:58]	Event: {'type': 'SignalThreshold', 'it': 200, 'signal_threshold': 0, 'traders': ['Chartist']}. State it: 19
2024-03-25 14:57:44,544.544	ERROR	[main.py:48]	Config: #81
2024-03-25 14:57:44,544.544	ERROR	[main.py:49]	Events: [{'type': 'SignalThreshold', 'it': 200, 'signal_threshold': 0, 'traders': ['Chartist']}]
2024-03-25 14:57:46,306.306	INFO	[export.py:58]	Event: {'type': 'SignalThreshold', 'it': 200, 'signal_threshold': 0, 'traders': ['Chartist']}. State it: 19
2024-03-25 14:57:47,991.991	ERROR	[main.py:48]	Config: #82
2024-03-25 14:57:47,992.992	ERROR	[main.py:49]	Events: [{'type': 'SignalThreshold', 'it': 200, 'signal_threshold': 0, 'traders': ['Chartist']}]
2024-03-25 14:57:50,415.415	INFO	[export.py:58]	Event: {'type': 'SignalThreshold', 'it': 200, 'signal_threshold': 0, 'traders': ['Chartist']}. State it: 19
2024-03-25 14:57:52,128.128	ERROR	[main.py:48]	Config: #83
2024-03-25 14:57:52,128.128	ERROR	[main.py:49]	Events: [{'type': 'SignalThreshold', 'it': 200, 'signal_threshold': 0, 'traders': ['Chartist']}]
2024-03-25 14:57:54,540.540	INFO	[export.py:58]	Event: {'type': 'SignalThreshold', 'it': 200, 'signal_threshold': 0, 'traders': ['Chartist']}. State it: 19
2024-03-25 14:57:56,260.260	ERROR	[main.py:48]	Config: #84
2024-03-25 14:57:56,260.260	ERROR	[main.py:49]	Events: [{'type': 'SignalThreshold', 'it': 200, 'signal_threshold': 0, 'traders': ['Chartist']}]
2024-03-25 14:57:57,272.272	INFO	[export.py:58]	Event: {'type': 'SignalThreshold', 'it': 200, 'signal_threshold': 0, 'traders': ['Chartist']}. State it: 19
2024-03-25 14:57:58,978.978	ERROR	[main.py:48]	Config: #85
2024-03-25 14:57:58,978.978	ERROR	[main.py:49]	Events: [{'type': 'SignalThreshold', 'it': 200, 'signal_threshold': 0, 'traders': ['Chartist']}]
2024-03-25 14:58:00,218.218	INFO	[export.py:58]	Event: {'type': 'SignalThreshold', 'it': 200, 'signal_threshold': 0, 'traders': ['Chartist']}. State it: 19
2024-03-25 14:58:01,946.946	ERROR	[main.py:48]	Config: #86
2024-03-25 14:58:01,946.946	ERROR	[main.py:49]	Events: [{'type': 'SignalThreshold', 'it': 200, 'signal_threshold': 0, 'traders': ['Chartist']}]
2024-03-25 14:58:03,576.576	INFO	[export.py:58]	Event: {'type': 'SignalThreshold', 'it': 200, 'signal_threshold': 0, 'traders': ['Chartist']}. State it: 19
2024-03-25 14:58:05,279.279	ERROR	[main.py:48]	Config: #87
2024-03-25 14:58:05,279.279	ERROR	[main.py:49]	Events: [{'type': 'SignalThreshold', 'it': 200, 'signal_threshold': 0, 'traders': ['Chartist']}]
2024-03-25 14:58:07,204.204	INFO	[export.py:58]	Event: {'type': 'SignalThreshold', 'it': 200, 'signal_threshold': 0, 'traders': ['Chartist']}. State it: 19
2024-03-25 14:58:08,922.922	ERROR	[main.py:48]	Config: #88
2024-03-25 14:58:08,922.922	ERROR	[main.py:49]	Events: [{'type': 'SignalThreshold', 'it': 200, 'signal_threshold': 0, 'traders': ['Chartist']}]
2024-03-25 14:58:10,055.055	INFO	[export.py:58]	Event: {'type': 'SignalThreshold', 'it': 200, 'signal_threshold': 0, 'traders': ['Chartist']}. State it: 19
2024-03-25 14:58:11,747.747	ERROR	[main.py:48]	Config: #89
2024-03-25 14:58:11,747.747	ERROR	[main.py:49]	Events: [{'type': 'SignalThreshold', 'it': 200, 'signal_threshold': 0, 'traders': ['Chartist']}]
2024-03-25 14:58:13,095.095	INFO	[export.py:58]	Event: {'type': 'SignalThreshold', 'it': 200, 'signal_threshold': 0, 'traders': ['Chartist']}. State it: 19
2024-03-25 14:58:14,817.817	ERROR	[main.py:48]	Config: #90
2024-03-25 14:58:14,817.817	ERROR	[main.py:49]	Events: [{'type': 'SignalThreshold', 'it': 200, 'signal_threshold': 0, 'traders': ['Chartist']}]
2024-03-25 14:58:16,734.734	INFO	[export.py:58]	Event: {'type': 'SignalThreshold', 'it': 200, 'signal_threshold': 0, 'traders': ['Chartist']}. State it: 19
2024-03-25 14:58:20,185.185	ERROR	[main.py:48]	Config: #91
2024-03-25 14:58:20,185.185	ERROR	[main.py:49]	Events: [{'type': 'SignalThreshold', 'it': 200, 'signal_threshold': 0, 'traders': ['Chartist']}]
2024-03-25 14:58:22,303.303	INFO	[export.py:58]	Event: {'type': 'SignalThreshold', 'it': 200, 'signal_threshold': 0, 'traders': ['Chartist']}. State it: 19
2024-03-25 14:58:24,004.004	ERROR	[main.py:48]	Config: #92
2024-03-25 14:58:24,004.004	ERROR	[main.py:49]	Events: [{'type': 'SignalThreshold', 'it': 200, 'signal_threshold': 0, 'traders': ['Chartist']}]
2024-03-25 14:58:25,676.676	INFO	[export.py:58]	Event: {'type': 'SignalThreshold', 'it': 200, 'signal_threshold': 0, 'traders': ['Chartist']}. State it: 19
2024-03-25 14:58:27,371.371	ERROR	[main.py:48]	Config: #93
2024-03-25 14:58:27,371.371	ERROR	[main.py:49]	Events: [{'type': 'SignalThreshold', 'it': 200, 'signal_threshold': 0, 'traders': ['Chartist']}]
2024-03-25 14:58:29,112.112	INFO	[export.py:58]	Event: {'type': 'SignalThreshold', 'it': 200, 'signal_threshold': 0, 'traders': ['Chartist']}. State it: 19
2024-03-25 14:58:30,805.805	ERROR	[main.py:48]	Config: #94
2024-03-25 14:58:30,805.805	ERROR	[main.py:49]	Events: [{'type': 'SignalThreshold', 'it': 200, 'signal_threshold': 0, 'traders': ['Chartist']}]
2024-03-25 14:58:33,262.262	INFO	[export.py:58]	Event: {'type': 'SignalThreshold', 'it': 200, 'signal_threshold': 0, 'traders': ['Chartist']}. State it: 19
2024-03-25 14:58:34,972.972	ERROR	[main.py:48]	Config: #95
2024-03-25 14:58:34,972.972	ERROR	[main.py:49]	Events: [{'type': 'SignalThreshold', 'it': 200, 'signal_threshold': 0, 'traders': ['Chartist']}]
2024-03-25 14:58:37,427.427	INFO	[export.py:58]	Event: {'type': 'SignalThreshold', 'it': 200, 'signal_threshold': 0, 'traders': ['Chartist']}. State it: 19
2024-03-25 14:58:39,137.137	ERROR	[main.py:48]	Config: #96
2024-03-25 14:58:39,137.137	ERROR	[main.py:49]	Events: [{'type': 'SignalThreshold', 'it': 200, 'signal_threshold': 0, 'traders': ['Chartist']}]
2024-03-25 14:58:40,462.462	INFO	[export.py:58]	Event: {'type': 'SignalThreshold', 'it': 200, 'signal_threshold': 0, 'traders': ['Chartist']}. State it: 19
2024-03-25 14:58:42,152.152	ERROR	[main.py:48]	Config: #97
2024-03-25 14:58:42,152.152	ERROR	[main.py:49]	Events: [{'type': 'SignalThreshold', 'it': 200, 'signal_threshold': 0, 'traders': ['Chartist']}]
2024-03-25 14:58:43,474.474	INFO	[export.py:58]	Event: {'type': 'SignalThreshold', 'it': 200, 'signal_threshold': 0, 'traders': ['Chartist']}. State it: 19
2024-03-25 14:58:45,177.177	ERROR	[main.py:48]	Config: #98
2024-03-25 14:58:45,177.177	ERROR	[main.py:49]	Events: [{'type': 'SignalThreshold', 'it': 200, 'signal_threshold': 0, 'traders': ['Chartist']}]
2024-03-25 14:58:47,012.012	INFO	[export.py:58]	Event: {'type': 'SignalThreshold', 'it': 200, 'signal_threshold': 0, 'traders': ['Chartist']}. State it: 19
2024-03-25 14:58:48,708.708	ERROR	[main.py:48]	Config: #99
2024-03-25 14:58:48,708.708	ERROR	[main.py:49]	Events: [{'type': 'SignalThreshold', 'it': 200, 'signal_threshold': 0, 'traders': ['Chartist']}]
2024-03-25 14:58:50,629.629	INFO	[export.py:58]	Event: {'type': 'SignalThreshold', 'it': 200, 'signal_threshold': 0, 'traders': ['Chartist']}. State it: 19
2024-03-25 14:58:52,348.348	ERROR	[main.py:48]	Config: #100
2024-03-25 14:58:52,348.348	ERROR	[main.py:49]	Events: [{'type': 'SignalThreshold', 'it': 200, 'signal_threshold': 0, 'traders': ['Chartist']}]
2024-03-25 14:58:53,785.785	INFO	[export.py:58]	Event: {'type': 'SignalThreshold', 'it': 200, 'signal_threshold': 0, 'traders': ['Chartist']}. State it: 19
2024-03-25 14:58:55,483.483	ERROR	[main.py:48]	Config: #101
2024-03-25 14:58:55,483.483	ERROR	[main.py:49]	Events: [{'type': 'SignalThreshold', 'it': 200, 'signal_threshold': 0, 'traders': ['Chartist']}]
2024-03-25 14:58:57,004.004	INFO	[export.py:58]	Event: {'type': 'SignalThreshold', 'it': 200, 'signal_threshold': 0, 'traders': ['Chartist']}. State it: 19
2024-03-25 14:58:58,720.720	ERROR	[main.py:48]	Config: #102
2024-03-25 14:58:58,720.720	ERROR	[main.py:49]	Events: [{'type': 'SignalThreshold', 'it': 200, 'signal_threshold': 0, 'traders': ['Chartist']}]
2024-03-25 14:59:01,170.170	INFO	[export.py:58]	Event: {'type': 'SignalThreshold', 'it': 200, 'signal_threshold': 0, 'traders': ['Chartist']}. State it: 19
2024-03-25 14:59:03,096.096	ERROR	[main.py:48]	Config: #103
2024-03-25 14:59:03,096.096	ERROR	[main.py:49]	Events: [{'type': 'SignalThreshold', 'it': 200, 'signal_threshold': 0, 'traders': ['Chartist']}]
2024-03-25 14:59:05,454.454	INFO	[export.py:58]	Event: {'type': 'SignalThreshold', 'it': 200, 'signal_threshold': 0, 'traders': ['Chartist']}. State it: 19
2024-03-25 14:59:07,308.308	ERROR	[main.py:48]	Config: #104
2024-03-25 14:59:07,309.309	ERROR	[main.py:49]	Events: [{'type': 'SignalThreshold', 'it': 200, 'signal_threshold': 0, 'traders': ['Chartist']}]
2024-03-25 14:59:09,395.395	INFO	[export.py:58]	Event: {'type': 'SignalThreshold', 'it': 200, 'signal_threshold': 0, 'traders': ['Chartist']}. State it: 19
2024-03-25 14:59:11,131.131	ERROR	[main.py:48]	Config: #105
2024-03-25 14:59:11,131.131	ERROR	[main.py:49]	Events: [{'type': 'SignalThreshold', 'it': 200, 'signal_threshold': 0, 'traders': ['Chartist']}]
2024-03-25 14:59:13,076.076	INFO	[export.py:58]	Event: {'type': 'SignalThreshold', 'it': 200, 'signal_threshold': 0, 'traders': ['Chartist']}. State it: 19
2024-03-25 14:59:14,846.846	ERROR	[main.py:48]	Config: #106
2024-03-25 14:59:14,846.846	ERROR	[main.py:49]	Events: [{'type': 'SignalThreshold', 'it': 200, 'signal_threshold': 0, 'traders': ['Chartist']}]
2024-03-25 14:59:17,605.605	INFO	[export.py:58]	Event: {'type': 'SignalThreshold', 'it': 200, 'signal_threshold': 0, 'traders': ['Chartist']}. State it: 19
2024-03-25 14:59:21,635.635	ERROR	[main.py:48]	Config: #107
2024-03-25 14:59:21,636.636	ERROR	[main.py:49]	Events: [{'type': 'SignalThreshold', 'it': 200, 'signal_threshold': 0, 'traders': ['Chartist']}]
2024-03-25 14:59:24,377.377	INFO	[export.py:58]	Event: {'type': 'SignalThreshold', 'it': 200, 'signal_threshold': 0, 'traders': ['Chartist']}. State it: 19
2024-03-25 14:59:26,096.096	ERROR	[main.py:48]	Config: #108
2024-03-25 14:59:26,096.096	ERROR	[main.py:49]	Events: [{'type': 'SignalThreshold', 'it': 200, 'signal_threshold': 0, 'traders': ['Chartist']}]
2024-03-25 14:59:29,304.304	INFO	[export.py:58]	Event: {'type': 'SignalThreshold', 'it': 200, 'signal_threshold': 0, 'traders': ['Chartist']}. State it: 19
2024-03-25 14:59:31,016.016	ERROR	[main.py:48]	Config: #109
2024-03-25 14:59:31,016.016	ERROR	[main.py:49]	Events: [{'type': 'SignalThreshold', 'it': 200, 'signal_threshold': 0, 'traders': ['Chartist']}]
2024-03-25 14:59:33,975.975	INFO	[export.py:58]	Event: {'type': 'SignalThreshold', 'it': 200, 'signal_threshold': 0, 'traders': ['Chartist']}. State it: 19
2024-03-25 14:59:35,712.712	ERROR	[main.py:48]	Config: #110
2024-03-25 14:59:35,712.712	ERROR	[main.py:49]	Events: [{'type': 'SignalThreshold', 'it': 200, 'signal_threshold': 0, 'traders': ['Chartist']}]
2024-03-25 14:59:40,469.469	INFO	[export.py:58]	Event: {'type': 'SignalThreshold', 'it': 200, 'signal_threshold': 0, 'traders': ['Chartist']}. State it: 19
2024-03-25 14:59:42,204.204	ERROR	[main.py:48]	Config: #111
2024-03-25 14:59:42,205.205	ERROR	[main.py:49]	Events: [{'type': 'SignalThreshold', 'it': 200, 'signal_threshold': 0, 'traders': ['Chartist']}]
2024-03-25 14:59:45,651.651	INFO	[export.py:58]	Event: {'type': 'SignalThreshold', 'it': 200, 'signal_threshold': 0, 'traders': ['Chartist']}. State it: 19
2024-03-25 14:59:47,368.368	ERROR	[main.py:48]	Config: #112
2024-03-25 14:59:47,370.370	ERROR	[main.py:49]	Events: [{'type': 'SignalThreshold', 'it': 200, 'signal_threshold': 0, 'traders': ['Chartist']}]
2024-03-25 14:59:51,071.071	INFO	[export.py:58]	Event: {'type': 'SignalThreshold', 'it': 200, 'signal_threshold': 0, 'traders': ['Chartist']}. State it: 19
2024-03-25 14:59:52,804.804	ERROR	[main.py:48]	Config: #113
2024-03-25 14:59:52,804.804	ERROR	[main.py:49]	Events: [{'type': 'SignalThreshold', 'it': 200, 'signal_threshold': 0, 'traders': ['Chartist']}]
2024-03-25 14:59:55,201.201	INFO	[export.py:58]	Event: {'type': 'SignalThreshold', 'it': 200, 'signal_threshold': 0, 'traders': ['Chartist']}. State it: 19
2024-03-25 14:59:56,915.915	ERROR	[main.py:48]	Config: #114
2024-03-25 14:59:56,916.916	ERROR	[main.py:49]	Events: [{'type': 'SignalThreshold', 'it': 200, 'signal_threshold': 0, 'traders': ['Chartist']}]
2024-03-25 15:00:00,750.750	INFO	[export.py:58]	Event: {'type': 'SignalThreshold', 'it': 200, 'signal_threshold': 0, 'traders': ['Chartist']}. State it: 19
2024-03-25 15:00:02,516.516	ERROR	[main.py:48]	Config: #115
2024-03-25 15:00:02,517.517	ERROR	[main.py:49]	Events: [{'type': 'SignalThreshold', 'it': 200, 'signal_threshold': 0, 'traders': ['Chartist']}]
2024-03-25 15:00:06,424.424	INFO	[export.py:58]	Event: {'type': 'SignalThreshold', 'it': 200, 'signal_threshold': 0, 'traders': ['Chartist']}. State it: 19
2024-03-25 15:00:08,152.152	ERROR	[main.py:48]	Config: #116
2024-03-25 15:00:08,152.152	ERROR	[main.py:49]	Events: [{'type': 'SignalThreshold', 'it': 200, 'signal_threshold': 0, 'traders': ['Chartist']}]
2024-03-25 15:00:12,219.219	INFO	[export.py:58]	Event: {'type': 'SignalThreshold', 'it': 200, 'signal_threshold': 0, 'traders': ['Chartist']}. State it: 19
2024-03-25 15:00:13,940.940	ERROR	[main.py:48]	Config: #117
2024-03-25 15:00:13,940.940	ERROR	[main.py:49]	Events: [{'type': 'SignalThreshold', 'it': 200, 'signal_threshold': 0, 'traders': ['Chartist']}]
2024-03-25 15:00:17,334.334	INFO	[export.py:58]	Event: {'type': 'SignalThreshold', 'it': 200, 'signal_threshold': 0, 'traders': ['Chartist']}. State it: 19
2024-03-25 15:00:19,032.032	ERROR	[main.py:48]	Config: #118
2024-03-25 15:00:19,032.032	ERROR	[main.py:49]	Events: [{'type': 'SignalThreshold', 'it': 200, 'signal_threshold': 0, 'traders': ['Chartist']}]
2024-03-25 15:00:24,280.280	INFO	[export.py:58]	Event: {'type': 'SignalThreshold', 'it': 200, 'signal_threshold': 0, 'traders': ['Chartist']}. State it: 19
2024-03-25 15:00:24,280.280	INFO	[export.py:81]	205
2024-03-25 15:00:24,280.280	INFO	[export.py:82]	295
2024-03-25 15:00:26,017.017	ERROR	[main.py:48]	Config: #119
2024-03-25 15:00:26,017.017	ERROR	[main.py:49]	Events: [{'type': 'SignalThreshold', 'it': 200, 'signal_threshold': 0, 'traders': ['Chartist']}]
2024-03-25 15:00:30,158.158	INFO	[export.py:58]	Event: {'type': 'SignalThreshold', 'it': 200, 'signal_threshold': 0, 'traders': ['Chartist']}. State it: 19
2024-03-25 15:00:31,902.902	ERROR	[main.py:48]	Config: #120
2024-03-25 15:00:31,902.902	ERROR	[main.py:49]	Events: [{'type': 'SignalThreshold', 'it': 200, 'signal_threshold': 0, 'traders': ['MarketMaker']}]
2024-03-25 15:00:32,947.947	INFO	[export.py:58]	Event: {'type': 'SignalThreshold', 'it': 200, 'signal_threshold': 0, 'traders': ['MarketMaker']}. State it: 19
2024-03-25 15:00:34,662.662	ERROR	[main.py:48]	Config: #121
2024-03-25 15:00:34,662.662	ERROR	[main.py:49]	Events: [{'type': 'SignalThreshold', 'it': 200, 'signal_threshold': 0, 'traders': ['MarketMaker']}]
2024-03-25 15:00:35,830.830	INFO	[export.py:58]	Event: {'type': 'SignalThreshold', 'it': 200, 'signal_threshold': 0, 'traders': ['MarketMaker']}. State it: 19
2024-03-25 15:00:37,557.557	ERROR	[main.py:48]	Config: #122
2024-03-25 15:00:37,558.558	ERROR	[main.py:49]	Events: [{'type': 'SignalThreshold', 'it': 200, 'signal_threshold': 0, 'traders': ['MarketMaker']}]
2024-03-25 15:00:39,139.139	INFO	[export.py:58]	Event: {'type': 'SignalThreshold', 'it': 200, 'signal_threshold': 0, 'traders': ['MarketMaker']}. State it: 19
2024-03-25 15:00:40,851.851	ERROR	[main.py:48]	Config: #123
2024-03-25 15:00:40,851.851	ERROR	[main.py:49]	Events: [{'type': 'SignalThreshold', 'it': 200, 'signal_threshold': 0, 'traders': ['MarketMaker']}]
2024-03-25 15:00:42,704.704	INFO	[export.py:58]	Event: {'type': 'SignalThreshold', 'it': 200, 'signal_threshold': 0, 'traders': ['MarketMaker']}. State it: 19
2024-03-25 15:00:44,401.401	ERROR	[main.py:48]	Config: #124
2024-03-25 15:00:44,402.402	ERROR	[main.py:49]	Events: [{'type': 'SignalThreshold', 'it': 200, 'signal_threshold': 0, 'traders': ['MarketMaker']}]
2024-03-25 15:00:45,464.464	INFO	[export.py:58]	Event: {'type': 'SignalThreshold', 'it': 200, 'signal_threshold': 0, 'traders': ['MarketMaker']}. State it: 19
2024-03-25 15:00:47,156.156	ERROR	[main.py:48]	Config: #125
2024-03-25 15:00:47,156.156	ERROR	[main.py:49]	Events: [{'type': 'SignalThreshold', 'it': 200, 'signal_threshold': 0, 'traders': ['MarketMaker']}]
2024-03-25 15:00:51,153.153	INFO	[export.py:58]	Event: {'type': 'SignalThreshold', 'it': 200, 'signal_threshold': 0, 'traders': ['MarketMaker']}. State it: 19
2024-03-25 15:00:52,924.924	ERROR	[main.py:48]	Config: #126
2024-03-25 15:00:52,924.924	ERROR	[main.py:49]	Events: [{'type': 'SignalThreshold', 'it': 200, 'signal_threshold': 0, 'traders': ['MarketMaker']}]
2024-03-25 15:00:54,616.616	INFO	[export.py:58]	Event: {'type': 'SignalThreshold', 'it': 200, 'signal_threshold': 0, 'traders': ['MarketMaker']}. State it: 19
2024-03-25 15:00:56,325.325	ERROR	[main.py:48]	Config: #127
2024-03-25 15:00:56,325.325	ERROR	[main.py:49]	Events: [{'type': 'SignalThreshold', 'it': 200, 'signal_threshold': 0, 'traders': ['MarketMaker']}]
2024-03-25 15:00:58,141.141	INFO	[export.py:58]	Event: {'type': 'SignalThreshold', 'it': 200, 'signal_threshold': 0, 'traders': ['MarketMaker']}. State it: 19
2024-03-25 15:00:59,866.866	ERROR	[main.py:48]	Config: #128
2024-03-25 15:00:59,866.866	ERROR	[main.py:49]	Events: [{'type': 'SignalThreshold', 'it': 200, 'signal_threshold': 0, 'traders': ['MarketMaker']}]
2024-03-25 15:01:01,296.296	INFO	[export.py:58]	Event: {'type': 'SignalThreshold', 'it': 200, 'signal_threshold': 0, 'traders': ['MarketMaker']}. State it: 19
2024-03-25 15:01:03,040.040	ERROR	[main.py:48]	Config: #129
2024-03-25 15:01:03,040.040	ERROR	[main.py:49]	Events: [{'type': 'SignalThreshold', 'it': 200, 'signal_threshold': 0, 'traders': ['MarketMaker']}]
2024-03-25 15:01:04,696.696	INFO	[export.py:58]	Event: {'type': 'SignalThreshold', 'it': 200, 'signal_threshold': 0, 'traders': ['MarketMaker']}. State it: 19
2024-03-25 15:01:06,428.428	ERROR	[main.py:48]	Config: #130
2024-03-25 15:01:06,428.428	ERROR	[main.py:49]	Events: [{'type': 'SignalThreshold', 'it': 200, 'signal_threshold': 0, 'traders': ['MarketMaker']}]
2024-03-25 15:01:08,502.502	INFO	[export.py:58]	Event: {'type': 'SignalThreshold', 'it': 200, 'signal_threshold': 0, 'traders': ['MarketMaker']}. State it: 19
2024-03-25 15:01:10,203.203	ERROR	[main.py:48]	Config: #131
2024-03-25 15:01:10,203.203	ERROR	[main.py:49]	Events: [{'type': 'SignalThreshold', 'it': 200, 'signal_threshold': 0, 'traders': ['MarketMaker']}]
2024-03-25 15:01:12,664.664	INFO	[export.py:58]	Event: {'type': 'SignalThreshold', 'it': 200, 'signal_threshold': 0, 'traders': ['MarketMaker']}. State it: 19
2024-03-25 15:01:14,372.372	ERROR	[main.py:48]	Config: #132
2024-03-25 15:01:14,372.372	ERROR	[main.py:49]	Events: [{'type': 'SignalThreshold', 'it': 200, 'signal_threshold': 0, 'traders': ['MarketMaker']}]
2024-03-25 15:01:15,323.323	INFO	[export.py:58]	Event: {'type': 'SignalThreshold', 'it': 200, 'signal_threshold': 0, 'traders': ['MarketMaker']}. State it: 19
2024-03-25 15:01:17,042.042	ERROR	[main.py:48]	Config: #133
2024-03-25 15:01:17,042.042	ERROR	[main.py:49]	Events: [{'type': 'SignalThreshold', 'it': 200, 'signal_threshold': 0, 'traders': ['MarketMaker']}]
2024-03-25 15:01:18,324.324	INFO	[export.py:58]	Event: {'type': 'SignalThreshold', 'it': 200, 'signal_threshold': 0, 'traders': ['MarketMaker']}. State it: 19
2024-03-25 15:01:19,998.998	ERROR	[main.py:48]	Config: #134
2024-03-25 15:01:19,999.999	ERROR	[main.py:49]	Events: [{'type': 'SignalThreshold', 'it': 200, 'signal_threshold': 0, 'traders': ['MarketMaker']}]
2024-03-25 15:01:22,057.057	INFO	[export.py:58]	Event: {'type': 'SignalThreshold', 'it': 200, 'signal_threshold': 0, 'traders': ['MarketMaker']}. State it: 19
2024-03-25 15:01:23,745.745	ERROR	[main.py:48]	Config: #135
2024-03-25 15:01:23,745.745	ERROR	[main.py:49]	Events: [{'type': 'SignalThreshold', 'it': 200, 'signal_threshold': 0, 'traders': ['MarketMaker']}]
2024-03-25 15:01:25,595.595	INFO	[export.py:58]	Event: {'type': 'SignalThreshold', 'it': 200, 'signal_threshold': 0, 'traders': ['MarketMaker']}. State it: 19
2024-03-25 15:01:27,301.301	ERROR	[main.py:48]	Config: #136
2024-03-25 15:01:27,302.302	ERROR	[main.py:49]	Events: [{'type': 'SignalThreshold', 'it': 200, 'signal_threshold': 0, 'traders': ['MarketMaker']}]
2024-03-25 15:01:28,413.413	INFO	[export.py:58]	Event: {'type': 'SignalThreshold', 'it': 200, 'signal_threshold': 0, 'traders': ['MarketMaker']}. State it: 19
2024-03-25 15:01:30,119.119	ERROR	[main.py:48]	Config: #137
2024-03-25 15:01:30,119.119	ERROR	[main.py:49]	Events: [{'type': 'SignalThreshold', 'it': 200, 'signal_threshold': 0, 'traders': ['MarketMaker']}]
2024-03-25 15:01:31,464.464	INFO	[export.py:58]	Event: {'type': 'SignalThreshold', 'it': 200, 'signal_threshold': 0, 'traders': ['MarketMaker']}. State it: 19
2024-03-25 15:01:33,207.207	ERROR	[main.py:48]	Config: #138
2024-03-25 15:01:33,207.207	ERROR	[main.py:49]	Events: [{'type': 'SignalThreshold', 'it': 200, 'signal_threshold': 0, 'traders': ['MarketMaker']}]
2024-03-25 15:01:35,097.097	INFO	[export.py:58]	Event: {'type': 'SignalThreshold', 'it': 200, 'signal_threshold': 0, 'traders': ['MarketMaker']}. State it: 19
2024-03-25 15:01:36,797.797	ERROR	[main.py:48]	Config: #139
2024-03-25 15:01:36,797.797	ERROR	[main.py:49]	Events: [{'type': 'SignalThreshold', 'it': 200, 'signal_threshold': 0, 'traders': ['MarketMaker']}]
2024-03-25 15:01:38,801.801	INFO	[export.py:58]	Event: {'type': 'SignalThreshold', 'it': 200, 'signal_threshold': 0, 'traders': ['MarketMaker']}. State it: 19
2024-03-25 15:01:40,535.535	ERROR	[main.py:48]	Config: #140
2024-03-25 15:01:40,535.535	ERROR	[main.py:49]	Events: [{'type': 'SignalThreshold', 'it': 200, 'signal_threshold': 0, 'traders': ['MarketMaker']}]
2024-03-25 15:01:42,007.007	INFO	[export.py:58]	Event: {'type': 'SignalThreshold', 'it': 200, 'signal_threshold': 0, 'traders': ['MarketMaker']}. State it: 19
2024-03-25 15:01:43,716.716	ERROR	[main.py:48]	Config: #141
2024-03-25 15:01:43,716.716	ERROR	[main.py:49]	Events: [{'type': 'SignalThreshold', 'it': 200, 'signal_threshold': 0, 'traders': ['MarketMaker']}]
2024-03-25 15:01:45,371.371	INFO	[export.py:58]	Event: {'type': 'SignalThreshold', 'it': 200, 'signal_threshold': 0, 'traders': ['MarketMaker']}. State it: 19
2024-03-25 15:01:47,071.071	ERROR	[main.py:48]	Config: #142
2024-03-25 15:01:47,071.071	ERROR	[main.py:49]	Events: [{'type': 'SignalThreshold', 'it': 200, 'signal_threshold': 0, 'traders': ['MarketMaker']}]
2024-03-25 15:01:49,252.252	INFO	[export.py:58]	Event: {'type': 'SignalThreshold', 'it': 200, 'signal_threshold': 0, 'traders': ['MarketMaker']}. State it: 19
2024-03-25 15:01:50,992.992	ERROR	[main.py:48]	Config: #143
2024-03-25 15:01:50,992.992	ERROR	[main.py:49]	Events: [{'type': 'SignalThreshold', 'it': 200, 'signal_threshold': 0, 'traders': ['MarketMaker']}]
2024-03-25 15:01:53,517.517	INFO	[export.py:58]	Event: {'type': 'SignalThreshold', 'it': 200, 'signal_threshold': 0, 'traders': ['MarketMaker']}. State it: 19
2024-03-25 15:01:55,223.223	ERROR	[main.py:48]	Config: #144
2024-03-25 15:01:55,224.224	ERROR	[main.py:49]	Events: [{'type': 'SignalThreshold', 'it': 200, 'signal_threshold': 0, 'traders': ['MarketMaker']}]
2024-03-25 15:01:56,340.340	INFO	[export.py:58]	Event: {'type': 'SignalThreshold', 'it': 200, 'signal_threshold': 0, 'traders': ['MarketMaker']}. State it: 19
2024-03-25 15:01:58,036.036	ERROR	[main.py:48]	Config: #145
2024-03-25 15:01:58,036.036	ERROR	[main.py:49]	Events: [{'type': 'SignalThreshold', 'it': 200, 'signal_threshold': 0, 'traders': ['MarketMaker']}]
2024-03-25 15:01:59,330.330	INFO	[export.py:58]	Event: {'type': 'SignalThreshold', 'it': 200, 'signal_threshold': 0, 'traders': ['MarketMaker']}. State it: 19
2024-03-25 15:02:01,021.021	ERROR	[main.py:48]	Config: #146
2024-03-25 15:02:01,021.021	ERROR	[main.py:49]	Events: [{'type': 'SignalThreshold', 'it': 200, 'signal_threshold': 0, 'traders': ['MarketMaker']}]
2024-03-25 15:02:02,730.730	INFO	[export.py:58]	Event: {'type': 'SignalThreshold', 'it': 200, 'signal_threshold': 0, 'traders': ['MarketMaker']}. State it: 19
2024-03-25 15:02:04,450.450	ERROR	[main.py:48]	Config: #147
2024-03-25 15:02:04,450.450	ERROR	[main.py:49]	Events: [{'type': 'SignalThreshold', 'it': 200, 'signal_threshold': 0, 'traders': ['MarketMaker']}]
2024-03-25 15:02:06,423.423	INFO	[export.py:58]	Event: {'type': 'SignalThreshold', 'it': 200, 'signal_threshold': 0, 'traders': ['MarketMaker']}. State it: 19
2024-03-25 15:02:11,296.296	ERROR	[main.py:48]	Config: #148
2024-03-25 15:02:11,296.296	ERROR	[main.py:49]	Events: [{'type': 'SignalThreshold', 'it': 200, 'signal_threshold': 0, 'traders': ['MarketMaker']}]
2024-03-25 15:02:12,575.575	INFO	[export.py:58]	Event: {'type': 'SignalThreshold', 'it': 200, 'signal_threshold': 0, 'traders': ['MarketMaker']}. State it: 19
2024-03-25 15:02:14,274.274	ERROR	[main.py:48]	Config: #149
2024-03-25 15:02:14,274.274	ERROR	[main.py:49]	Events: [{'type': 'SignalThreshold', 'it': 200, 'signal_threshold': 0, 'traders': ['MarketMaker']}]
2024-03-25 15:02:15,688.688	INFO	[export.py:58]	Event: {'type': 'SignalThreshold', 'it': 200, 'signal_threshold': 0, 'traders': ['MarketMaker']}. State it: 19
2024-03-25 15:02:17,391.391	ERROR	[main.py:48]	Config: #150
2024-03-25 15:02:17,391.391	ERROR	[main.py:49]	Events: [{'type': 'SignalThreshold', 'it': 200, 'signal_threshold': 0, 'traders': ['MarketMaker']}]
2024-03-25 15:02:19,254.254	INFO	[export.py:58]	Event: {'type': 'SignalThreshold', 'it': 200, 'signal_threshold': 0, 'traders': ['MarketMaker']}. State it: 19
2024-03-25 15:02:20,969.969	ERROR	[main.py:48]	Config: #151
2024-03-25 15:02:20,969.969	ERROR	[main.py:49]	Events: [{'type': 'SignalThreshold', 'it': 200, 'signal_threshold': 0, 'traders': ['MarketMaker']}]
2024-03-25 15:02:22,945.945	INFO	[export.py:58]	Event: {'type': 'SignalThreshold', 'it': 200, 'signal_threshold': 0, 'traders': ['MarketMaker']}. State it: 19
2024-03-25 15:02:24,662.662	ERROR	[main.py:48]	Config: #152
2024-03-25 15:02:24,663.663	ERROR	[main.py:49]	Events: [{'type': 'SignalThreshold', 'it': 200, 'signal_threshold': 0, 'traders': ['MarketMaker']}]
2024-03-25 15:02:26,241.241	INFO	[export.py:58]	Event: {'type': 'SignalThreshold', 'it': 200, 'signal_threshold': 0, 'traders': ['MarketMaker']}. State it: 19
2024-03-25 15:02:27,959.959	ERROR	[main.py:48]	Config: #153
2024-03-25 15:02:27,959.959	ERROR	[main.py:49]	Events: [{'type': 'SignalThreshold', 'it': 200, 'signal_threshold': 0, 'traders': ['MarketMaker']}]
2024-03-25 15:02:29,832.832	INFO	[export.py:58]	Event: {'type': 'SignalThreshold', 'it': 200, 'signal_threshold': 0, 'traders': ['MarketMaker']}. State it: 19
2024-03-25 15:02:31,522.522	ERROR	[main.py:48]	Config: #154
2024-03-25 15:02:31,522.522	ERROR	[main.py:49]	Events: [{'type': 'SignalThreshold', 'it': 200, 'signal_threshold': 0, 'traders': ['MarketMaker']}]
2024-03-25 15:02:33,993.993	INFO	[export.py:58]	Event: {'type': 'SignalThreshold', 'it': 200, 'signal_threshold': 0, 'traders': ['MarketMaker']}. State it: 19
2024-03-25 15:02:35,698.698	ERROR	[main.py:48]	Config: #155
2024-03-25 15:02:35,698.698	ERROR	[main.py:49]	Events: [{'type': 'SignalThreshold', 'it': 200, 'signal_threshold': 0, 'traders': ['MarketMaker']}]
2024-03-25 15:02:38,199.199	INFO	[export.py:58]	Event: {'type': 'SignalThreshold', 'it': 200, 'signal_threshold': 0, 'traders': ['MarketMaker']}. State it: 19
2024-03-25 15:02:39,928.928	ERROR	[main.py:48]	Config: #156
2024-03-25 15:02:39,929.929	ERROR	[main.py:49]	Events: [{'type': 'SignalThreshold', 'it': 200, 'signal_threshold': 0, 'traders': ['MarketMaker']}]
2024-03-25 15:02:41,341.341	INFO	[export.py:58]	Event: {'type': 'SignalThreshold', 'it': 200, 'signal_threshold': 0, 'traders': ['MarketMaker']}. State it: 19
2024-03-25 15:02:43,066.066	ERROR	[main.py:48]	Config: #157
2024-03-25 15:02:43,066.066	ERROR	[main.py:49]	Events: [{'type': 'SignalThreshold', 'it': 200, 'signal_threshold': 0, 'traders': ['MarketMaker']}]
2024-03-25 15:02:44,453.453	INFO	[export.py:58]	Event: {'type': 'SignalThreshold', 'it': 200, 'signal_threshold': 0, 'traders': ['MarketMaker']}. State it: 19
2024-03-25 15:02:46,158.158	ERROR	[main.py:48]	Config: #158
2024-03-25 15:02:46,159.159	ERROR	[main.py:49]	Events: [{'type': 'SignalThreshold', 'it': 200, 'signal_threshold': 0, 'traders': ['MarketMaker']}]
2024-03-25 15:02:48,092.092	INFO	[export.py:58]	Event: {'type': 'SignalThreshold', 'it': 200, 'signal_threshold': 0, 'traders': ['MarketMaker']}. State it: 19
2024-03-25 15:02:49,788.788	ERROR	[main.py:48]	Config: #159
2024-03-25 15:02:49,789.789	ERROR	[main.py:49]	Events: [{'type': 'SignalThreshold', 'it': 200, 'signal_threshold': 0, 'traders': ['MarketMaker']}]
2024-03-25 15:02:51,680.680	INFO	[export.py:58]	Event: {'type': 'SignalThreshold', 'it': 200, 'signal_threshold': 0, 'traders': ['MarketMaker']}. State it: 19
2024-03-25 15:02:53,397.397	ERROR	[main.py:48]	Config: #160
2024-03-25 15:02:53,397.397	ERROR	[main.py:49]	Events: [{'type': 'SignalThreshold', 'it': 200, 'signal_threshold': 0, 'traders': ['MarketMaker']}]
2024-03-25 15:02:54,931.931	INFO	[export.py:58]	Event: {'type': 'SignalThreshold', 'it': 200, 'signal_threshold': 0, 'traders': ['MarketMaker']}. State it: 19
2024-03-25 15:02:56,623.623	ERROR	[main.py:48]	Config: #161
2024-03-25 15:02:56,623.623	ERROR	[main.py:49]	Events: [{'type': 'SignalThreshold', 'it': 200, 'signal_threshold': 0, 'traders': ['MarketMaker']}]
2024-03-25 15:02:58,065.065	INFO	[export.py:58]	Event: {'type': 'SignalThreshold', 'it': 200, 'signal_threshold': 0, 'traders': ['MarketMaker']}. State it: 19
2024-03-25 15:02:59,764.764	ERROR	[main.py:48]	Config: #162
2024-03-25 15:02:59,764.764	ERROR	[main.py:49]	Events: [{'type': 'SignalThreshold', 'it': 200, 'signal_threshold': 0, 'traders': ['MarketMaker']}]
2024-03-25 15:03:01,967.967	INFO	[export.py:58]	Event: {'type': 'SignalThreshold', 'it': 200, 'signal_threshold': 0, 'traders': ['MarketMaker']}. State it: 19
2024-03-25 15:03:03,701.701	ERROR	[main.py:48]	Config: #163
2024-03-25 15:03:03,701.701	ERROR	[main.py:49]	Events: [{'type': 'SignalThreshold', 'it': 200, 'signal_threshold': 0, 'traders': ['MarketMaker']}]
2024-03-25 15:03:05,889.889	INFO	[export.py:58]	Event: {'type': 'SignalThreshold', 'it': 200, 'signal_threshold': 0, 'traders': ['MarketMaker']}. State it: 19
2024-03-25 15:03:07,598.598	ERROR	[main.py:48]	Config: #164
2024-03-25 15:03:07,599.599	ERROR	[main.py:49]	Events: [{'type': 'SignalThreshold', 'it': 200, 'signal_threshold': 0, 'traders': ['MarketMaker']}]
2024-03-25 15:03:09,507.507	INFO	[export.py:58]	Event: {'type': 'SignalThreshold', 'it': 200, 'signal_threshold': 0, 'traders': ['MarketMaker']}. State it: 19
2024-03-25 15:03:11,214.214	ERROR	[main.py:48]	Config: #165
2024-03-25 15:03:11,214.214	ERROR	[main.py:49]	Events: [{'type': 'SignalThreshold', 'it': 200, 'signal_threshold': 0, 'traders': ['MarketMaker']}]
2024-03-25 15:03:13,036.036	INFO	[export.py:58]	Event: {'type': 'SignalThreshold', 'it': 200, 'signal_threshold': 0, 'traders': ['MarketMaker']}. State it: 19
2024-03-25 15:03:14,712.712	ERROR	[main.py:48]	Config: #166
2024-03-25 15:03:14,712.712	ERROR	[main.py:49]	Events: [{'type': 'SignalThreshold', 'it': 200, 'signal_threshold': 0, 'traders': ['MarketMaker']}]
2024-03-25 15:03:17,433.433	INFO	[export.py:58]	Event: {'type': 'SignalThreshold', 'it': 200, 'signal_threshold': 0, 'traders': ['MarketMaker']}. State it: 19
2024-03-25 15:03:19,124.124	ERROR	[main.py:48]	Config: #167
2024-03-25 15:03:19,124.124	ERROR	[main.py:49]	Events: [{'type': 'SignalThreshold', 'it': 200, 'signal_threshold': 0, 'traders': ['MarketMaker']}]
2024-03-25 15:03:21,806.806	INFO	[export.py:58]	Event: {'type': 'SignalThreshold', 'it': 200, 'signal_threshold': 0, 'traders': ['MarketMaker']}. State it: 19
2024-03-25 15:03:23,532.532	ERROR	[main.py:48]	Config: #168
2024-03-25 15:03:23,532.532	ERROR	[main.py:49]	Events: [{'type': 'SignalThreshold', 'it': 200, 'signal_threshold': 0, 'traders': ['MarketMaker']}]
2024-03-25 15:03:27,176.176	INFO	[export.py:58]	Event: {'type': 'SignalThreshold', 'it': 200, 'signal_threshold': 0, 'traders': ['MarketMaker']}. State it: 19
2024-03-25 15:03:28,984.984	ERROR	[main.py:48]	Config: #169
2024-03-25 15:03:28,984.984	ERROR	[main.py:49]	Events: [{'type': 'SignalThreshold', 'it': 200, 'signal_threshold': 0, 'traders': ['MarketMaker']}]
2024-03-25 15:03:32,495.495	INFO	[export.py:58]	Event: {'type': 'SignalThreshold', 'it': 200, 'signal_threshold': 0, 'traders': ['MarketMaker']}. State it: 19
2024-03-25 15:03:34,240.240	ERROR	[main.py:48]	Config: #170
2024-03-25 15:03:34,240.240	ERROR	[main.py:49]	Events: [{'type': 'SignalThreshold', 'it': 200, 'signal_threshold': 0, 'traders': ['MarketMaker']}]
2024-03-25 15:03:39,032.032	INFO	[export.py:58]	Event: {'type': 'SignalThreshold', 'it': 200, 'signal_threshold': 0, 'traders': ['MarketMaker']}. State it: 19
2024-03-25 15:03:40,758.758	ERROR	[main.py:48]	Config: #171
2024-03-25 15:03:40,758.758	ERROR	[main.py:49]	Events: [{'type': 'SignalThreshold', 'it': 200, 'signal_threshold': 0, 'traders': ['MarketMaker']}]
2024-03-25 15:03:44,772.772	INFO	[export.py:58]	Event: {'type': 'SignalThreshold', 'it': 200, 'signal_threshold': 0, 'traders': ['MarketMaker']}. State it: 19
2024-03-25 15:03:46,468.468	ERROR	[main.py:48]	Config: #172
2024-03-25 15:03:46,469.469	ERROR	[main.py:49]	Events: [{'type': 'SignalThreshold', 'it': 200, 'signal_threshold': 0, 'traders': ['MarketMaker']}]
2024-03-25 15:03:50,217.217	INFO	[export.py:58]	Event: {'type': 'SignalThreshold', 'it': 200, 'signal_threshold': 0, 'traders': ['MarketMaker']}. State it: 19
2024-03-25 15:03:52,028.028	ERROR	[main.py:48]	Config: #173
2024-03-25 15:03:52,028.028	ERROR	[main.py:49]	Events: [{'type': 'SignalThreshold', 'it': 200, 'signal_threshold': 0, 'traders': ['MarketMaker']}]
2024-03-25 15:04:01,225.225	INFO	[export.py:58]	Event: {'type': 'SignalThreshold', 'it': 200, 'signal_threshold': 0, 'traders': ['MarketMaker']}. State it: 19
2024-03-25 15:04:03,013.013	ERROR	[main.py:48]	Config: #174
2024-03-25 15:04:03,013.013	ERROR	[main.py:49]	Events: [{'type': 'SignalThreshold', 'it': 200, 'signal_threshold': 0, 'traders': ['MarketMaker']}]
2024-03-25 15:04:08,438.438	INFO	[export.py:58]	Event: {'type': 'SignalThreshold', 'it': 200, 'signal_threshold': 0, 'traders': ['MarketMaker']}. State it: 19
2024-03-25 15:04:10,205.205	ERROR	[main.py:48]	Config: #175
2024-03-25 15:04:10,205.205	ERROR	[main.py:49]	Events: [{'type': 'SignalThreshold', 'it': 200, 'signal_threshold': 0, 'traders': ['MarketMaker']}]
2024-03-25 15:04:14,142.142	INFO	[export.py:58]	Event: {'type': 'SignalThreshold', 'it': 200, 'signal_threshold': 0, 'traders': ['MarketMaker']}. State it: 19
2024-03-25 15:04:15,916.916	ERROR	[main.py:48]	Config: #176
2024-03-25 15:04:15,916.916	ERROR	[main.py:49]	Events: [{'type': 'SignalThreshold', 'it': 200, 'signal_threshold': 0, 'traders': ['MarketMaker']}]
2024-03-25 15:04:19,383.383	INFO	[export.py:58]	Event: {'type': 'SignalThreshold', 'it': 200, 'signal_threshold': 0, 'traders': ['MarketMaker']}. State it: 19
2024-03-25 15:04:21,099.099	ERROR	[main.py:48]	Config: #177
2024-03-25 15:04:21,099.099	ERROR	[main.py:49]	Events: [{'type': 'SignalThreshold', 'it': 200, 'signal_threshold': 0, 'traders': ['MarketMaker']}]
2024-03-25 15:04:24,663.663	INFO	[export.py:58]	Event: {'type': 'SignalThreshold', 'it': 200, 'signal_threshold': 0, 'traders': ['MarketMaker']}. State it: 19
2024-03-25 15:04:26,348.348	ERROR	[main.py:48]	Config: #178
2024-03-25 15:04:26,348.348	ERROR	[main.py:49]	Events: [{'type': 'SignalThreshold', 'it': 200, 'signal_threshold': 0, 'traders': ['MarketMaker']}]
2024-03-25 15:04:32,299.299	INFO	[export.py:58]	Event: {'type': 'SignalThreshold', 'it': 200, 'signal_threshold': 0, 'traders': ['MarketMaker']}. State it: 19
2024-03-25 15:04:34,024.024	ERROR	[main.py:48]	Config: #179
2024-03-25 15:04:34,024.024	ERROR	[main.py:49]	Events: [{'type': 'SignalThreshold', 'it': 200, 'signal_threshold': 0, 'traders': ['MarketMaker']}]
2024-03-25 15:04:38,653.653	INFO	[export.py:58]	Event: {'type': 'SignalThreshold', 'it': 200, 'signal_threshold': 0, 'traders': ['MarketMaker']}. State it: 19
2024-03-25 15:04:40,347.347	ERROR	[main.py:48]	Config: #180
2024-03-25 15:04:40,347.347	ERROR	[main.py:49]	Events: [{'type': 'SignalThreshold', 'it': 200, 'signal_threshold': 0, 'traders': ['Fundamentalist']}]
2024-03-25 15:04:41,311.311	INFO	[export.py:58]	Event: {'type': 'SignalThreshold', 'it': 200, 'signal_threshold': 0, 'traders': ['Fundamentalist']}. State it: 19
2024-03-25 15:04:43,027.027	ERROR	[main.py:48]	Config: #181
2024-03-25 15:04:43,027.027	ERROR	[main.py:49]	Events: [{'type': 'SignalThreshold', 'it': 200, 'signal_threshold': 0, 'traders': ['Fundamentalist']}]
2024-03-25 15:04:44,217.217	INFO	[export.py:58]	Event: {'type': 'SignalThreshold', 'it': 200, 'signal_threshold': 0, 'traders': ['Fundamentalist']}. State it: 19
2024-03-25 15:04:45,914.914	ERROR	[main.py:48]	Config: #182
2024-03-25 15:04:45,915.915	ERROR	[main.py:49]	Events: [{'type': 'SignalThreshold', 'it': 200, 'signal_threshold': 0, 'traders': ['Fundamentalist']}]
2024-03-25 15:04:47,574.574	INFO	[export.py:58]	Event: {'type': 'SignalThreshold', 'it': 200, 'signal_threshold': 0, 'traders': ['Fundamentalist']}. State it: 19
2024-03-25 15:04:49,281.281	ERROR	[main.py:48]	Config: #183
2024-03-25 15:04:49,281.281	ERROR	[main.py:49]	Events: [{'type': 'SignalThreshold', 'it': 200, 'signal_threshold': 0, 'traders': ['Fundamentalist']}]
2024-03-25 15:04:51,010.010	INFO	[export.py:58]	Event: {'type': 'SignalThreshold', 'it': 200, 'signal_threshold': 0, 'traders': ['Fundamentalist']}. State it: 19
2024-03-25 15:04:52,728.728	ERROR	[main.py:48]	Config: #184
2024-03-25 15:04:52,729.729	ERROR	[main.py:49]	Events: [{'type': 'SignalThreshold', 'it': 200, 'signal_threshold': 0, 'traders': ['Fundamentalist']}]
2024-03-25 15:04:53,807.807	INFO	[export.py:58]	Event: {'type': 'SignalThreshold', 'it': 200, 'signal_threshold': 0, 'traders': ['Fundamentalist']}. State it: 19
2024-03-25 15:04:55,513.513	ERROR	[main.py:48]	Config: #185
2024-03-25 15:04:55,514.514	ERROR	[main.py:49]	Events: [{'type': 'SignalThreshold', 'it': 200, 'signal_threshold': 0, 'traders': ['Fundamentalist']}]
2024-03-25 15:04:56,819.819	INFO	[export.py:58]	Event: {'type': 'SignalThreshold', 'it': 200, 'signal_threshold': 0, 'traders': ['Fundamentalist']}. State it: 19
2024-03-25 15:04:58,510.510	ERROR	[main.py:48]	Config: #186
2024-03-25 15:04:58,510.510	ERROR	[main.py:49]	Events: [{'type': 'SignalThreshold', 'it': 200, 'signal_threshold': 0, 'traders': ['Fundamentalist']}]
2024-03-25 15:05:00,316.316	INFO	[export.py:58]	Event: {'type': 'SignalThreshold', 'it': 200, 'signal_threshold': 0, 'traders': ['Fundamentalist']}. State it: 19
2024-03-25 15:05:02,028.028	ERROR	[main.py:48]	Config: #187
2024-03-25 15:05:02,028.028	ERROR	[main.py:49]	Events: [{'type': 'SignalThreshold', 'it': 200, 'signal_threshold': 0, 'traders': ['Fundamentalist']}]
2024-03-25 15:05:04,086.086	INFO	[export.py:58]	Event: {'type': 'SignalThreshold', 'it': 200, 'signal_threshold': 0, 'traders': ['Fundamentalist']}. State it: 19
2024-03-25 15:05:05,827.827	ERROR	[main.py:48]	Config: #188
2024-03-25 15:05:05,827.827	ERROR	[main.py:49]	Events: [{'type': 'SignalThreshold', 'it': 200, 'signal_threshold': 0, 'traders': ['Fundamentalist']}]
2024-03-25 15:05:07,347.347	INFO	[export.py:58]	Event: {'type': 'SignalThreshold', 'it': 200, 'signal_threshold': 0, 'traders': ['Fundamentalist']}. State it: 19
2024-03-25 15:05:09,049.049	ERROR	[main.py:48]	Config: #189
2024-03-25 15:05:09,049.049	ERROR	[main.py:49]	Events: [{'type': 'SignalThreshold', 'it': 200, 'signal_threshold': 0, 'traders': ['Fundamentalist']}]
2024-03-25 15:05:10,727.727	INFO	[export.py:58]	Event: {'type': 'SignalThreshold', 'it': 200, 'signal_threshold': 0, 'traders': ['Fundamentalist']}. State it: 19
2024-03-25 15:05:12,450.450	ERROR	[main.py:48]	Config: #190
2024-03-25 15:05:12,450.450	ERROR	[main.py:49]	Events: [{'type': 'SignalThreshold', 'it': 200, 'signal_threshold': 0, 'traders': ['Fundamentalist']}]
2024-03-25 15:05:14,693.693	INFO	[export.py:58]	Event: {'type': 'SignalThreshold', 'it': 200, 'signal_threshold': 0, 'traders': ['Fundamentalist']}. State it: 19
2024-03-25 15:05:16,399.399	ERROR	[main.py:48]	Config: #191
2024-03-25 15:05:16,399.399	ERROR	[main.py:49]	Events: [{'type': 'SignalThreshold', 'it': 200, 'signal_threshold': 0, 'traders': ['Fundamentalist']}]
2024-03-25 15:05:18,880.880	INFO	[export.py:58]	Event: {'type': 'SignalThreshold', 'it': 200, 'signal_threshold': 0, 'traders': ['Fundamentalist']}. State it: 19
2024-03-25 15:05:20,599.599	ERROR	[main.py:48]	Config: #192
2024-03-25 15:05:20,600.600	ERROR	[main.py:49]	Events: [{'type': 'SignalThreshold', 'it': 200, 'signal_threshold': 0, 'traders': ['Fundamentalist']}]
2024-03-25 15:05:21,710.710	INFO	[export.py:58]	Event: {'type': 'SignalThreshold', 'it': 200, 'signal_threshold': 0, 'traders': ['Fundamentalist']}. State it: 19
2024-03-25 15:05:23,422.422	ERROR	[main.py:48]	Config: #193
2024-03-25 15:05:23,422.422	ERROR	[main.py:49]	Events: [{'type': 'SignalThreshold', 'it': 200, 'signal_threshold': 0, 'traders': ['Fundamentalist']}]
2024-03-25 15:05:24,612.612	INFO	[export.py:58]	Event: {'type': 'SignalThreshold', 'it': 200, 'signal_threshold': 0, 'traders': ['Fundamentalist']}. State it: 19
2024-03-25 15:05:26,331.331	ERROR	[main.py:48]	Config: #194
2024-03-25 15:05:26,331.331	ERROR	[main.py:49]	Events: [{'type': 'SignalThreshold', 'it': 200, 'signal_threshold': 0, 'traders': ['Fundamentalist']}]
2024-03-25 15:05:27,917.917	INFO	[export.py:58]	Event: {'type': 'SignalThreshold', 'it': 200, 'signal_threshold': 0, 'traders': ['Fundamentalist']}. State it: 19
2024-03-25 15:05:29,639.639	ERROR	[main.py:48]	Config: #195
2024-03-25 15:05:29,639.639	ERROR	[main.py:49]	Events: [{'type': 'SignalThreshold', 'it': 200, 'signal_threshold': 0, 'traders': ['Fundamentalist']}]
2024-03-25 15:05:31,494.494	INFO	[export.py:58]	Event: {'type': 'SignalThreshold', 'it': 200, 'signal_threshold': 0, 'traders': ['Fundamentalist']}. State it: 19
2024-03-25 15:05:33,253.253	ERROR	[main.py:48]	Config: #196
2024-03-25 15:05:33,253.253	ERROR	[main.py:49]	Events: [{'type': 'SignalThreshold', 'it': 200, 'signal_threshold': 0, 'traders': ['Fundamentalist']}]
2024-03-25 15:05:34,506.506	INFO	[export.py:58]	Event: {'type': 'SignalThreshold', 'it': 200, 'signal_threshold': 0, 'traders': ['Fundamentalist']}. State it: 19
2024-03-25 15:05:36,239.239	ERROR	[main.py:48]	Config: #197
2024-03-25 15:05:36,239.239	ERROR	[main.py:49]	Events: [{'type': 'SignalThreshold', 'it': 200, 'signal_threshold': 0, 'traders': ['Fundamentalist']}]
2024-03-25 15:05:37,522.522	INFO	[export.py:58]	Event: {'type': 'SignalThreshold', 'it': 200, 'signal_threshold': 0, 'traders': ['Fundamentalist']}. State it: 19
2024-03-25 15:05:39,226.226	ERROR	[main.py:48]	Config: #198
2024-03-25 15:05:39,226.226	ERROR	[main.py:49]	Events: [{'type': 'SignalThreshold', 'it': 200, 'signal_threshold': 0, 'traders': ['Fundamentalist']}]
2024-03-25 15:05:41,009.009	INFO	[export.py:58]	Event: {'type': 'SignalThreshold', 'it': 200, 'signal_threshold': 0, 'traders': ['Fundamentalist']}. State it: 19
2024-03-25 15:05:42,734.734	ERROR	[main.py:48]	Config: #199
2024-03-25 15:05:42,734.734	ERROR	[main.py:49]	Events: [{'type': 'SignalThreshold', 'it': 200, 'signal_threshold': 0, 'traders': ['Fundamentalist']}]
2024-03-25 15:05:44,719.719	INFO	[export.py:58]	Event: {'type': 'SignalThreshold', 'it': 200, 'signal_threshold': 0, 'traders': ['Fundamentalist']}. State it: 19
2024-03-25 15:05:46,425.425	ERROR	[main.py:48]	Config: #200
2024-03-25 15:05:46,425.425	ERROR	[main.py:49]	Events: [{'type': 'SignalThreshold', 'it': 200, 'signal_threshold': 0, 'traders': ['Fundamentalist']}]
2024-03-25 15:05:47,938.938	INFO	[export.py:58]	Event: {'type': 'SignalThreshold', 'it': 200, 'signal_threshold': 0, 'traders': ['Fundamentalist']}. State it: 19
2024-03-25 15:05:49,665.665	ERROR	[main.py:48]	Config: #201
2024-03-25 15:05:49,665.665	ERROR	[main.py:49]	Events: [{'type': 'SignalThreshold', 'it': 200, 'signal_threshold': 0, 'traders': ['Fundamentalist']}]
2024-03-25 15:05:51,330.330	INFO	[export.py:58]	Event: {'type': 'SignalThreshold', 'it': 200, 'signal_threshold': 0, 'traders': ['Fundamentalist']}. State it: 19
2024-03-25 15:05:53,048.048	ERROR	[main.py:48]	Config: #202
2024-03-25 15:05:53,048.048	ERROR	[main.py:49]	Events: [{'type': 'SignalThreshold', 'it': 200, 'signal_threshold': 0, 'traders': ['Fundamentalist']}]
2024-03-25 15:05:55,311.311	INFO	[export.py:58]	Event: {'type': 'SignalThreshold', 'it': 200, 'signal_threshold': 0, 'traders': ['Fundamentalist']}. State it: 19
2024-03-25 15:05:57,029.029	ERROR	[main.py:48]	Config: #203
2024-03-25 15:05:57,030.030	ERROR	[main.py:49]	Events: [{'type': 'SignalThreshold', 'it': 200, 'signal_threshold': 0, 'traders': ['Fundamentalist']}]
2024-03-25 15:05:59,449.449	INFO	[export.py:58]	Event: {'type': 'SignalThreshold', 'it': 200, 'signal_threshold': 0, 'traders': ['Fundamentalist']}. State it: 19
2024-03-25 15:06:05,817.817	ERROR	[main.py:48]	Config: #204
2024-03-25 15:06:05,818.818	ERROR	[main.py:49]	Events: [{'type': 'SignalThreshold', 'it': 200, 'signal_threshold': 0, 'traders': ['Fundamentalist']}]
2024-03-25 15:06:07,011.011	INFO	[export.py:58]	Event: {'type': 'SignalThreshold', 'it': 200, 'signal_threshold': 0, 'traders': ['Fundamentalist']}. State it: 19
2024-03-25 15:06:08,700.700	ERROR	[main.py:48]	Config: #205
2024-03-25 15:06:08,700.700	ERROR	[main.py:49]	Events: [{'type': 'SignalThreshold', 'it': 200, 'signal_threshold': 0, 'traders': ['Fundamentalist']}]
2024-03-25 15:06:09,959.959	INFO	[export.py:58]	Event: {'type': 'SignalThreshold', 'it': 200, 'signal_threshold': 0, 'traders': ['Fundamentalist']}. State it: 19
2024-03-25 15:06:11,669.669	ERROR	[main.py:48]	Config: #206
2024-03-25 15:06:11,669.669	ERROR	[main.py:49]	Events: [{'type': 'SignalThreshold', 'it': 200, 'signal_threshold': 0, 'traders': ['Fundamentalist']}]
2024-03-25 15:06:13,356.356	INFO	[export.py:58]	Event: {'type': 'SignalThreshold', 'it': 200, 'signal_threshold': 0, 'traders': ['Fundamentalist']}. State it: 19
2024-03-25 15:06:15,062.062	ERROR	[main.py:48]	Config: #207
2024-03-25 15:06:15,063.063	ERROR	[main.py:49]	Events: [{'type': 'SignalThreshold', 'it': 200, 'signal_threshold': 0, 'traders': ['Fundamentalist']}]
2024-03-25 15:06:16,988.988	INFO	[export.py:58]	Event: {'type': 'SignalThreshold', 'it': 200, 'signal_threshold': 0, 'traders': ['Fundamentalist']}. State it: 19
2024-03-25 15:06:18,688.688	ERROR	[main.py:48]	Config: #208
2024-03-25 15:06:18,688.688	ERROR	[main.py:49]	Events: [{'type': 'SignalThreshold', 'it': 200, 'signal_threshold': 0, 'traders': ['Fundamentalist']}]
2024-03-25 15:06:19,889.889	INFO	[export.py:58]	Event: {'type': 'SignalThreshold', 'it': 200, 'signal_threshold': 0, 'traders': ['Fundamentalist']}. State it: 19
2024-03-25 15:06:21,596.596	ERROR	[main.py:48]	Config: #209
2024-03-25 15:06:21,597.597	ERROR	[main.py:49]	Events: [{'type': 'SignalThreshold', 'it': 200, 'signal_threshold': 0, 'traders': ['Fundamentalist']}]
2024-03-25 15:06:22,992.992	INFO	[export.py:58]	Event: {'type': 'SignalThreshold', 'it': 200, 'signal_threshold': 0, 'traders': ['Fundamentalist']}. State it: 19
2024-03-25 15:06:24,696.696	ERROR	[main.py:48]	Config: #210
2024-03-25 15:06:24,696.696	ERROR	[main.py:49]	Events: [{'type': 'SignalThreshold', 'it': 200, 'signal_threshold': 0, 'traders': ['Fundamentalist']}]
2024-03-25 15:06:26,457.457	INFO	[export.py:58]	Event: {'type': 'SignalThreshold', 'it': 200, 'signal_threshold': 0, 'traders': ['Fundamentalist']}. State it: 19
2024-03-25 15:06:28,139.139	ERROR	[main.py:48]	Config: #211
2024-03-25 15:06:28,139.139	ERROR	[main.py:49]	Events: [{'type': 'SignalThreshold', 'it': 200, 'signal_threshold': 0, 'traders': ['Fundamentalist']}]
2024-03-25 15:06:30,145.145	INFO	[export.py:58]	Event: {'type': 'SignalThreshold', 'it': 200, 'signal_threshold': 0, 'traders': ['Fundamentalist']}. State it: 19
2024-03-25 15:06:32,056.056	ERROR	[main.py:48]	Config: #212
2024-03-25 15:06:32,056.056	ERROR	[main.py:49]	Events: [{'type': 'SignalThreshold', 'it': 200, 'signal_threshold': 0, 'traders': ['Fundamentalist']}]
2024-03-25 15:06:33,757.757	INFO	[export.py:58]	Event: {'type': 'SignalThreshold', 'it': 200, 'signal_threshold': 0, 'traders': ['Fundamentalist']}. State it: 19
2024-03-25 15:06:35,517.517	ERROR	[main.py:48]	Config: #213
2024-03-25 15:06:35,517.517	ERROR	[main.py:49]	Events: [{'type': 'SignalThreshold', 'it': 200, 'signal_threshold': 0, 'traders': ['Fundamentalist']}]
2024-03-25 15:06:37,307.307	INFO	[export.py:58]	Event: {'type': 'SignalThreshold', 'it': 200, 'signal_threshold': 0, 'traders': ['Fundamentalist']}. State it: 19
2024-03-25 15:06:39,018.018	ERROR	[main.py:48]	Config: #214
2024-03-25 15:06:39,018.018	ERROR	[main.py:49]	Events: [{'type': 'SignalThreshold', 'it': 200, 'signal_threshold': 0, 'traders': ['Fundamentalist']}]
2024-03-25 15:06:41,595.595	INFO	[export.py:58]	Event: {'type': 'SignalThreshold', 'it': 200, 'signal_threshold': 0, 'traders': ['Fundamentalist']}. State it: 19
2024-03-25 15:06:43,316.316	ERROR	[main.py:48]	Config: #215
2024-03-25 15:06:43,316.316	ERROR	[main.py:49]	Events: [{'type': 'SignalThreshold', 'it': 200, 'signal_threshold': 0, 'traders': ['Fundamentalist']}]
2024-03-25 15:06:45,772.772	INFO	[export.py:58]	Event: {'type': 'SignalThreshold', 'it': 200, 'signal_threshold': 0, 'traders': ['Fundamentalist']}. State it: 19
2024-03-25 15:06:47,484.484	ERROR	[main.py:48]	Config: #216
2024-03-25 15:06:47,484.484	ERROR	[main.py:49]	Events: [{'type': 'SignalThreshold', 'it': 200, 'signal_threshold': 0, 'traders': ['Fundamentalist']}]
2024-03-25 15:06:48,768.768	INFO	[export.py:58]	Event: {'type': 'SignalThreshold', 'it': 200, 'signal_threshold': 0, 'traders': ['Fundamentalist']}. State it: 19
2024-03-25 15:06:50,456.456	ERROR	[main.py:48]	Config: #217
2024-03-25 15:06:50,457.457	ERROR	[main.py:49]	Events: [{'type': 'SignalThreshold', 'it': 200, 'signal_threshold': 0, 'traders': ['Fundamentalist']}]
2024-03-25 15:06:51,801.801	INFO	[export.py:58]	Event: {'type': 'SignalThreshold', 'it': 200, 'signal_threshold': 0, 'traders': ['Fundamentalist']}. State it: 19
2024-03-25 15:06:53,496.496	ERROR	[main.py:48]	Config: #218
2024-03-25 15:06:53,496.496	ERROR	[main.py:49]	Events: [{'type': 'SignalThreshold', 'it': 200, 'signal_threshold': 0, 'traders': ['Fundamentalist']}]
2024-03-25 15:06:55,248.248	INFO	[export.py:58]	Event: {'type': 'SignalThreshold', 'it': 200, 'signal_threshold': 0, 'traders': ['Fundamentalist']}. State it: 19
2024-03-25 15:06:56,952.952	ERROR	[main.py:48]	Config: #219
2024-03-25 15:06:56,953.953	ERROR	[main.py:49]	Events: [{'type': 'SignalThreshold', 'it': 200, 'signal_threshold': 0, 'traders': ['Fundamentalist']}]
2024-03-25 15:06:59,099.099	INFO	[export.py:58]	Event: {'type': 'SignalThreshold', 'it': 200, 'signal_threshold': 0, 'traders': ['Fundamentalist']}. State it: 19
2024-03-25 15:07:00,818.818	ERROR	[main.py:48]	Config: #220
2024-03-25 15:07:00,818.818	ERROR	[main.py:49]	Events: [{'type': 'SignalThreshold', 'it': 200, 'signal_threshold': 0, 'traders': ['Fundamentalist']}]
2024-03-25 15:07:02,214.214	INFO	[export.py:58]	Event: {'type': 'SignalThreshold', 'it': 200, 'signal_threshold': 0, 'traders': ['Fundamentalist']}. State it: 19
2024-03-25 15:07:03,905.905	ERROR	[main.py:48]	Config: #221
2024-03-25 15:07:03,906.906	ERROR	[main.py:49]	Events: [{'type': 'SignalThreshold', 'it': 200, 'signal_threshold': 0, 'traders': ['Fundamentalist']}]
2024-03-25 15:07:05,544.544	INFO	[export.py:58]	Event: {'type': 'SignalThreshold', 'it': 200, 'signal_threshold': 0, 'traders': ['Fundamentalist']}. State it: 19
2024-03-25 15:07:07,235.235	ERROR	[main.py:48]	Config: #222
2024-03-25 15:07:07,235.235	ERROR	[main.py:49]	Events: [{'type': 'SignalThreshold', 'it': 200, 'signal_threshold': 0, 'traders': ['Fundamentalist']}]
2024-03-25 15:07:09,283.283	INFO	[export.py:58]	Event: {'type': 'SignalThreshold', 'it': 200, 'signal_threshold': 0, 'traders': ['Fundamentalist']}. State it: 19
2024-03-25 15:07:10,982.982	ERROR	[main.py:48]	Config: #223
2024-03-25 15:07:10,983.983	ERROR	[main.py:49]	Events: [{'type': 'SignalThreshold', 'it': 200, 'signal_threshold': 0, 'traders': ['Fundamentalist']}]
2024-03-25 15:07:13,236.236	INFO	[export.py:58]	Event: {'type': 'SignalThreshold', 'it': 200, 'signal_threshold': 0, 'traders': ['Fundamentalist']}. State it: 19
2024-03-25 15:07:14,945.945	ERROR	[main.py:48]	Config: #224
2024-03-25 15:07:14,945.945	ERROR	[main.py:49]	Events: [{'type': 'SignalThreshold', 'it': 200, 'signal_threshold': 0, 'traders': ['Fundamentalist']}]
2024-03-25 15:07:16,820.820	INFO	[export.py:58]	Event: {'type': 'SignalThreshold', 'it': 200, 'signal_threshold': 0, 'traders': ['Fundamentalist']}. State it: 19
2024-03-25 15:07:18,536.536	ERROR	[main.py:48]	Config: #225
2024-03-25 15:07:18,537.537	ERROR	[main.py:49]	Events: [{'type': 'SignalThreshold', 'it': 200, 'signal_threshold': 0, 'traders': ['Fundamentalist']}]
2024-03-25 15:07:20,352.352	INFO	[export.py:58]	Event: {'type': 'SignalThreshold', 'it': 200, 'signal_threshold': 0, 'traders': ['Fundamentalist']}. State it: 19
2024-03-25 15:07:22,077.077	ERROR	[main.py:48]	Config: #226
2024-03-25 15:07:22,078.078	ERROR	[main.py:49]	Events: [{'type': 'SignalThreshold', 'it': 200, 'signal_threshold': 0, 'traders': ['Fundamentalist']}]
2024-03-25 15:07:24,596.596	INFO	[export.py:58]	Event: {'type': 'SignalThreshold', 'it': 200, 'signal_threshold': 0, 'traders': ['Fundamentalist']}. State it: 19
2024-03-25 15:07:26,294.294	ERROR	[main.py:48]	Config: #227
2024-03-25 15:07:26,295.295	ERROR	[main.py:49]	Events: [{'type': 'SignalThreshold', 'it': 200, 'signal_threshold': 0, 'traders': ['Fundamentalist']}]
2024-03-25 15:07:29,050.050	INFO	[export.py:58]	Event: {'type': 'SignalThreshold', 'it': 200, 'signal_threshold': 0, 'traders': ['Fundamentalist']}. State it: 19
2024-03-25 15:07:30,766.766	ERROR	[main.py:48]	Config: #228
2024-03-25 15:07:30,767.767	ERROR	[main.py:49]	Events: [{'type': 'SignalThreshold', 'it': 200, 'signal_threshold': 0, 'traders': ['Fundamentalist']}]
2024-03-25 15:07:34,879.879	INFO	[export.py:58]	Event: {'type': 'SignalThreshold', 'it': 200, 'signal_threshold': 0, 'traders': ['Fundamentalist']}. State it: 19
2024-03-25 15:07:36,617.617	ERROR	[main.py:48]	Config: #229
2024-03-25 15:07:36,617.617	ERROR	[main.py:49]	Events: [{'type': 'SignalThreshold', 'it': 200, 'signal_threshold': 0, 'traders': ['Fundamentalist']}]
2024-03-25 15:07:40,107.107	INFO	[export.py:58]	Event: {'type': 'SignalThreshold', 'it': 200, 'signal_threshold': 0, 'traders': ['Fundamentalist']}. State it: 19
2024-03-25 15:07:41,784.784	ERROR	[main.py:48]	Config: #230
2024-03-25 15:07:41,785.785	ERROR	[main.py:49]	Events: [{'type': 'SignalThreshold', 'it': 200, 'signal_threshold': 0, 'traders': ['Fundamentalist']}]
2024-03-25 15:07:45,579.579	INFO	[export.py:58]	Event: {'type': 'SignalThreshold', 'it': 200, 'signal_threshold': 0, 'traders': ['Fundamentalist']}. State it: 19
2024-03-25 15:07:47,289.289	ERROR	[main.py:48]	Config: #231
2024-03-25 15:07:47,289.289	ERROR	[main.py:49]	Events: [{'type': 'SignalThreshold', 'it': 200, 'signal_threshold': 0, 'traders': ['Fundamentalist']}]
2024-03-25 15:07:51,327.327	INFO	[export.py:58]	Event: {'type': 'SignalThreshold', 'it': 200, 'signal_threshold': 0, 'traders': ['Fundamentalist']}. State it: 19
2024-03-25 15:07:53,051.051	ERROR	[main.py:48]	Config: #232
2024-03-25 15:07:53,051.051	ERROR	[main.py:49]	Events: [{'type': 'SignalThreshold', 'it': 200, 'signal_threshold': 0, 'traders': ['Fundamentalist']}]
2024-03-25 15:07:57,715.715	INFO	[export.py:58]	Event: {'type': 'SignalThreshold', 'it': 200, 'signal_threshold': 0, 'traders': ['Fundamentalist']}. State it: 19
2024-03-25 15:07:59,413.413	ERROR	[main.py:48]	Config: #233
2024-03-25 15:07:59,413.413	ERROR	[main.py:49]	Events: [{'type': 'SignalThreshold', 'it': 200, 'signal_threshold': 0, 'traders': ['Fundamentalist']}]
2024-03-25 15:08:03,384.384	INFO	[export.py:58]	Event: {'type': 'SignalThreshold', 'it': 200, 'signal_threshold': 0, 'traders': ['Fundamentalist']}. State it: 19
2024-03-25 15:08:05,143.143	ERROR	[main.py:48]	Config: #234
2024-03-25 15:08:05,143.143	ERROR	[main.py:49]	Events: [{'type': 'SignalThreshold', 'it': 200, 'signal_threshold': 0, 'traders': ['Fundamentalist']}]
2024-03-25 15:08:10,102.102	INFO	[export.py:58]	Event: {'type': 'SignalThreshold', 'it': 200, 'signal_threshold': 0, 'traders': ['Fundamentalist']}. State it: 19
2024-03-25 15:08:10,102.102	INFO	[export.py:81]	205
2024-03-25 15:08:10,102.102	INFO	[export.py:82]	555
2024-03-25 15:08:11,803.803	ERROR	[main.py:48]	Config: #235
2024-03-25 15:08:11,803.803	ERROR	[main.py:49]	Events: [{'type': 'SignalThreshold', 'it': 200, 'signal_threshold': 0, 'traders': ['Fundamentalist']}]
2024-03-25 15:08:15,656.656	INFO	[export.py:58]	Event: {'type': 'SignalThreshold', 'it': 200, 'signal_threshold': 0, 'traders': ['Fundamentalist']}. State it: 19
2024-03-25 15:08:17,348.348	ERROR	[main.py:48]	Config: #236
2024-03-25 15:08:17,348.348	ERROR	[main.py:49]	Events: [{'type': 'SignalThreshold', 'it': 200, 'signal_threshold': 0, 'traders': ['Fundamentalist']}]
2024-03-25 15:08:22,534.534	INFO	[export.py:58]	Event: {'type': 'SignalThreshold', 'it': 200, 'signal_threshold': 0, 'traders': ['Fundamentalist']}. State it: 19
2024-03-25 15:08:24,237.237	ERROR	[main.py:48]	Config: #237
2024-03-25 15:08:24,237.237	ERROR	[main.py:49]	Events: [{'type': 'SignalThreshold', 'it': 200, 'signal_threshold': 0, 'traders': ['Fundamentalist']}]
2024-03-25 15:08:27,962.962	INFO	[export.py:58]	Event: {'type': 'SignalThreshold', 'it': 200, 'signal_threshold': 0, 'traders': ['Fundamentalist']}. State it: 19
2024-03-25 15:08:29,652.652	ERROR	[main.py:48]	Config: #238
2024-03-25 15:08:29,653.653	ERROR	[main.py:49]	Events: [{'type': 'SignalThreshold', 'it': 200, 'signal_threshold': 0, 'traders': ['Fundamentalist']}]
2024-03-25 15:08:34,172.172	INFO	[export.py:58]	Event: {'type': 'SignalThreshold', 'it': 200, 'signal_threshold': 0, 'traders': ['Fundamentalist']}. State it: 19
2024-03-25 15:08:35,897.897	ERROR	[main.py:48]	Config: #239
2024-03-25 15:08:35,897.897	ERROR	[main.py:49]	Events: [{'type': 'SignalThreshold', 'it': 200, 'signal_threshold': 0, 'traders': ['Fundamentalist']}]
2024-03-25 15:08:46,249.249	INFO	[export.py:58]	Event: {'type': 'SignalThreshold', 'it': 200, 'signal_threshold': 0, 'traders': ['Fundamentalist']}. State it: 19
